<?xml version="1.0" encoding="UTF-8"?>
<testsuite xmlns:xsi="http://www.w3.org/2001/XMLSchema-instance" xsi:noNamespaceSchemaLocation="https://maven.apache.org/surefire/maven-surefire-plugin/xsd/surefire-test-report-3.0.xsd" version="3.0" name="com.example.colombina.controlador.TramiteControllerIntegrationTest" time="14.938" tests="7" errors="1" skipped="0" failures="4">
  <properties>
[...]
</properties>
  <testcase name="eliminarTramite_Devuelve404_CuandoNoSeEncuentraElTramite" classname="com.example.colombina.controlador.TramiteControllerIntegrationTest" time="1.749">
    <system-out><![CDATA[20:48:11.615 [main] INFO org.springframework.test.context.support.AnnotationConfigContextLoaderUtils -- Could not detect default configuration classes for test class [com.example.colombina.controlador.TramiteControllerIntegrationTest]: TramiteControllerIntegrationTest does not declare any static, non-private, non-final, nested classes annotated with @Configuration.
20:48:11.975 [main] INFO org.springframework.boot.test.context.SpringBootTestContextBootstrapper -- Found @SpringBootConfiguration com.example.colombina.ColombinaApplication for test class com.example.colombina.controlador.TramiteControllerIntegrationTest
20:48:12.452 [main] INFO org.springframework.boot.devtools.restart.RestartApplicationListener -- Restart disabled due to context in which it is running

  .   ____          _            __ _ _
 /\\ / ___'_ __ _ _(_)_ __  __ _ \ \ \ \
( ( )\___ | '_ | '_| | '_ \/ _` | \ \ \ \
 \\/  ___)| |_)| | | | | || (_| |  ) ) ) )
  '  |____| .__|_| |_|_| |_\__, | / / / /
 =========|_|==============|___/=/_/_/_/

 :: Spring Boot ::                (v3.3.3)

2024-10-22T20:48:13.088-05:00  INFO 22836 --- [colombina] [           main] c.e.c.c.TramiteControllerIntegrationTest : Starting TramiteControllerIntegrationTest using Java 23 with PID 22836 (started by aleja in C:\Users\aleja\OneDrive\Documentos\5to semestre\ProyectoTI\Colombina-Backend\Colombina-dev\colombina)
2024-10-22T20:48:13.089-05:00  INFO 22836 --- [colombina] [           main] c.e.c.c.TramiteControllerIntegrationTest : No active profile set, falling back to 1 default profile: "default"
2024-10-22T20:48:14.514-05:00  INFO 22836 --- [colombina] [           main] .s.d.r.c.RepositoryConfigurationDelegate : Bootstrapping Spring Data JPA repositories in DEFAULT mode.
2024-10-22T20:48:14.724-05:00  INFO 22836 --- [colombina] [           main] .s.d.r.c.RepositoryConfigurationDelegate : Finished Spring Data repository scanning in 198 ms. Found 13 JPA repository interfaces.
2024-10-22T20:48:16.056-05:00  INFO 22836 --- [colombina] [           main] o.hibernate.jpa.internal.util.LogHelper  : HHH000204: Processing PersistenceUnitInfo [name: default]
2024-10-22T20:48:16.179-05:00  INFO 22836 --- [colombina] [           main] org.hibernate.Version                    : HHH000412: Hibernate ORM core version 6.5.2.Final
2024-10-22T20:48:16.254-05:00  INFO 22836 --- [colombina] [           main] o.h.c.internal.RegionFactoryInitiator    : HHH000026: Second-level cache disabled
2024-10-22T20:48:16.919-05:00  INFO 22836 --- [colombina] [           main] o.s.o.j.p.SpringPersistenceUnitInfo      : No LoadTimeWeaver setup: ignoring JPA class transformer
2024-10-22T20:48:16.994-05:00  INFO 22836 --- [colombina] [           main] com.zaxxer.hikari.HikariDataSource       : HikariPool-1 - Starting...
2024-10-22T20:48:17.471-05:00  INFO 22836 --- [colombina] [           main] com.zaxxer.hikari.pool.HikariPool        : HikariPool-1 - Added connection conn0: url=jdbc:h2:file./bddColombina user=SA
2024-10-22T20:48:17.473-05:00  INFO 22836 --- [colombina] [           main] com.zaxxer.hikari.HikariDataSource       : HikariPool-1 - Start completed.
2024-10-22T20:48:17.519-05:00  WARN 22836 --- [colombina] [           main] org.hibernate.orm.deprecation            : HHH90000025: H2Dialect does not need to be specified explicitly using 'hibernate.dialect' (remove the property setting and it will be selected by default)
2024-10-22T20:48:19.658-05:00  INFO 22836 --- [colombina] [           main] o.h.e.t.j.p.i.JtaPlatformInitiator       : HHH000489: No JTA platform available (set 'hibernate.transaction.jta.platform' to enable JTA platform integration)
2024-10-22T20:48:19.696-05:00 DEBUG 22836 --- [colombina] [           main] org.hibernate.SQL                        : drop table if exists archivo_control_de_tramites cascade 
2024-10-22T20:48:19.706-05:00 DEBUG 22836 --- [colombina] [           main] org.hibernate.SQL                        : drop table if exists asunto_regulatorio cascade 
2024-10-22T20:48:19.707-05:00 DEBUG 22836 --- [colombina] [           main] org.hibernate.SQL                        : drop table if exists documento cascade 
2024-10-22T20:48:19.708-05:00 DEBUG 22836 --- [colombina] [           main] org.hibernate.SQL                        : drop table if exists documento_tecnico cascade 
2024-10-22T20:48:19.709-05:00 DEBUG 22836 --- [colombina] [           main] org.hibernate.SQL                        : drop table if exists entidad_sanitariainvima cascade 
2024-10-22T20:48:19.710-05:00 DEBUG 22836 --- [colombina] [           main] org.hibernate.SQL                        : drop table if exists expediente_regulatorio cascade 
2024-10-22T20:48:19.711-05:00 DEBUG 22836 --- [colombina] [           main] org.hibernate.SQL                        : drop table if exists fecha cascade 
2024-10-22T20:48:19.711-05:00 DEBUG 22836 --- [colombina] [           main] org.hibernate.SQL                        : drop table if exists notificacion cascade 
2024-10-22T20:48:19.711-05:00 DEBUG 22836 --- [colombina] [           main] org.hibernate.SQL                        : drop table if exists pagopse cascade 
2024-10-22T20:48:19.712-05:00 DEBUG 22836 --- [colombina] [           main] org.hibernate.SQL                        : drop table if exists seguimiento_tramite cascade 
2024-10-22T20:48:19.712-05:00 DEBUG 22836 --- [colombina] [           main] org.hibernate.SQL                        : drop table if exists solicituddei cascade 
2024-10-22T20:48:19.712-05:00 DEBUG 22836 --- [colombina] [           main] org.hibernate.SQL                        : drop table if exists tramite cascade 
2024-10-22T20:48:19.713-05:00 DEBUG 22836 --- [colombina] [           main] org.hibernate.SQL                        : drop table if exists usuario cascade 
2024-10-22T20:48:19.713-05:00 DEBUG 22836 --- [colombina] [           main] org.hibernate.SQL                        : drop sequence if exists archivo_control_de_tramites_seq
2024-10-22T20:48:19.713-05:00 DEBUG 22836 --- [colombina] [           main] org.hibernate.SQL                        : drop sequence if exists asunto_regulatorio_seq
2024-10-22T20:48:19.714-05:00 DEBUG 22836 --- [colombina] [           main] org.hibernate.SQL                        : drop sequence if exists documento_seq
2024-10-22T20:48:19.714-05:00 DEBUG 22836 --- [colombina] [           main] org.hibernate.SQL                        : drop sequence if exists documento_tecnico_seq
2024-10-22T20:48:19.714-05:00 DEBUG 22836 --- [colombina] [           main] org.hibernate.SQL                        : drop sequence if exists entidad_sanitariainvima_seq
2024-10-22T20:48:19.714-05:00 DEBUG 22836 --- [colombina] [           main] org.hibernate.SQL                        : drop sequence if exists expediente_regulatorio_seq
2024-10-22T20:48:19.714-05:00 DEBUG 22836 --- [colombina] [           main] org.hibernate.SQL                        : drop sequence if exists fecha_seq
2024-10-22T20:48:19.715-05:00 DEBUG 22836 --- [colombina] [           main] org.hibernate.SQL                        : drop sequence if exists notificacion_seq
2024-10-22T20:48:19.715-05:00 DEBUG 22836 --- [colombina] [           main] org.hibernate.SQL                        : drop sequence if exists pagopse_seq
2024-10-22T20:48:19.715-05:00 DEBUG 22836 --- [colombina] [           main] org.hibernate.SQL                        : drop sequence if exists seguimiento_tramite_seq
2024-10-22T20:48:19.716-05:00 DEBUG 22836 --- [colombina] [           main] org.hibernate.SQL                        : drop sequence if exists solicituddei_seq
2024-10-22T20:48:19.717-05:00 DEBUG 22836 --- [colombina] [           main] org.hibernate.SQL                        : drop sequence if exists tramite_seq
2024-10-22T20:48:19.717-05:00 DEBUG 22836 --- [colombina] [           main] org.hibernate.SQL                        : drop sequence if exists usuario_seq
2024-10-22T20:48:19.724-05:00 DEBUG 22836 --- [colombina] [           main] org.hibernate.SQL                        : create sequence archivo_control_de_tramites_seq start with 1 increment by 50
2024-10-22T20:48:19.727-05:00 DEBUG 22836 --- [colombina] [           main] org.hibernate.SQL                        : create sequence asunto_regulatorio_seq start with 1 increment by 50
2024-10-22T20:48:19.728-05:00 DEBUG 22836 --- [colombina] [           main] org.hibernate.SQL                        : create sequence documento_seq start with 1 increment by 50
2024-10-22T20:48:19.729-05:00 DEBUG 22836 --- [colombina] [           main] org.hibernate.SQL                        : create sequence documento_tecnico_seq start with 1 increment by 50
2024-10-22T20:48:19.729-05:00 DEBUG 22836 --- [colombina] [           main] org.hibernate.SQL                        : create sequence entidad_sanitariainvima_seq start with 1 increment by 50
2024-10-22T20:48:19.730-05:00 DEBUG 22836 --- [colombina] [           main] org.hibernate.SQL                        : create sequence expediente_regulatorio_seq start with 1 increment by 50
2024-10-22T20:48:19.730-05:00 DEBUG 22836 --- [colombina] [           main] org.hibernate.SQL                        : create sequence fecha_seq start with 1 increment by 50
2024-10-22T20:48:19.731-05:00 DEBUG 22836 --- [colombina] [           main] org.hibernate.SQL                        : create sequence notificacion_seq start with 1 increment by 50
2024-10-22T20:48:19.731-05:00 DEBUG 22836 --- [colombina] [           main] org.hibernate.SQL                        : create sequence pagopse_seq start with 1 increment by 50
2024-10-22T20:48:19.732-05:00 DEBUG 22836 --- [colombina] [           main] org.hibernate.SQL                        : create sequence seguimiento_tramite_seq start with 1 increment by 50
2024-10-22T20:48:19.732-05:00 DEBUG 22836 --- [colombina] [           main] org.hibernate.SQL                        : create sequence solicituddei_seq start with 1 increment by 50
2024-10-22T20:48:19.733-05:00 DEBUG 22836 --- [colombina] [           main] org.hibernate.SQL                        : create sequence tramite_seq start with 1 increment by 50
2024-10-22T20:48:19.736-05:00 DEBUG 22836 --- [colombina] [           main] org.hibernate.SQL                        : create sequence usuario_seq start with 1 increment by 50
2024-10-22T20:48:19.741-05:00 DEBUG 22836 --- [colombina] [           main] org.hibernate.SQL                        : create table archivo_control_de_tramites (estado_tramite boolean not null, fecha_creacion date, id_archivo_control_de_tramites bigint not null, historial_de_modificaciones varchar(255), primary key (id_archivo_control_de_tramites))
2024-10-22T20:48:19.748-05:00 DEBUG 22836 --- [colombina] [           main] org.hibernate.SQL                        : create table asunto_regulatorio (estado_asunto boolean not null, fecha_asunto date, id_asunto_regulatorio bigint not null, responsable varchar(255), primary key (id_asunto_regulatorio))
2024-10-22T20:48:19.752-05:00 DEBUG 22836 --- [colombina] [           main] org.hibernate.SQL                        : create table documento (documento_id bigint not null, tramite_id bigint not null, informacion varchar(255), primary key (documento_id))
2024-10-22T20:48:19.756-05:00 DEBUG 22836 --- [colombina] [           main] org.hibernate.SQL                        : create table documento_tecnico (estado_documento boolean not null, fecha_adjuncion date, id_documento_tecnico bigint not null, id_expediente bigint, descripcion varchar(255), tipo_documento varchar(255), primary key (id_documento_tecnico))
2024-10-22T20:48:19.759-05:00 DEBUG 22836 --- [colombina] [           main] org.hibernate.SQL                        : create table entidad_sanitariainvima (fecha_radicacion date, resultado_tramite boolean not null, id_entidad bigint not null, id_tramite bigint unique, comentarios varchar(255), primary key (id_entidad))
2024-10-22T20:48:19.772-05:00 DEBUG 22836 --- [colombina] [           main] org.hibernate.SQL                        : create table expediente_regulatorio (estado_expediente boolean not null, fecha_creacion date, numero_expediente integer not null, id_expediente bigint not null, id_tramite bigint, id_usuario bigint not null, descripcion_expediente varchar(255), primary key (id_expediente))
2024-10-22T20:48:19.774-05:00 DEBUG 22836 --- [colombina] [           main] org.hibernate.SQL                        : create table fecha (año integer not null, dia integer not null, mes integer not null, fecha_id bigint not null, primary key (fecha_id))
2024-10-22T20:48:19.775-05:00 DEBUG 22836 --- [colombina] [           main] org.hibernate.SQL                        : create table notificacion (estado boolean not null, id_notificacion bigint not null, tramite_id_tramite bigint, mensaje varchar(255), tipo_notificacion varchar(255), primary key (id_notificacion))
2024-10-22T20:48:19.779-05:00 DEBUG 22836 --- [colombina] [           main] org.hibernate.SQL                        : create table pagopse (fecha_de_pago date, monto float(24) not null, id_pagopse bigint not null, id_tramite bigint, metodo_de_pago varchar(255), referencia_de_pago varchar(255), primary key (id_pagopse))
2024-10-22T20:48:19.789-05:00 DEBUG 22836 --- [colombina] [           main] org.hibernate.SQL                        : create table seguimiento_tramite (fecha_seguimiento date, id_seguimiento bigint not null, id_tramite bigint unique, estado_actual varchar(255), observaciones varchar(255), acciones_realizadas varchar(255) array, primary key (id_seguimiento))
2024-10-22T20:48:19.793-05:00 DEBUG 22836 --- [colombina] [           main] org.hibernate.SQL                        : create table solicituddei (fecha_solicitud date, id_solicitud bigint not null, tramite_id bigint unique, descripcion varchar(255), documentacion_tecnica varchar(255), nombre_solicitante varchar(255), tipo_de_producto varchar(255), tipo_de_registro varchar(255), primary key (id_solicitud))
2024-10-22T20:48:19.796-05:00 DEBUG 22836 --- [colombina] [           main] org.hibernate.SQL                        : create table tramite (fecha_ejecucion date, fecha_radicacion date, numero_registro integer not null, plazo_respuesta date, fecha_id bigint not null unique, id_archivo_control_de_tramites bigint, id_asunto_regulatorio bigint, id_entidad bigint unique, id_seguimiento bigint unique, id_solicitud bigint unique, id_tramite bigint not null, usuario_id bigint not null, estado_tramite varchar(255), observaciones varchar(255), tipo_tramite varchar(255), primary key (id_tramite))
2024-10-22T20:48:19.806-05:00 DEBUG 22836 --- [colombina] [           main] org.hibernate.SQL                        : create table usuario (id bigint not null, contraseña varchar(255), correo varchar(255), credencial varchar(255), rol varchar(255), primary key (id))
2024-10-22T20:48:19.810-05:00 DEBUG 22836 --- [colombina] [           main] org.hibernate.SQL                        : alter table if exists documento add constraint FK1jeepqt4qp4gx6jheorqt0ajx foreign key (tramite_id) references tramite
2024-10-22T20:48:19.846-05:00 DEBUG 22836 --- [colombina] [           main] org.hibernate.SQL                        : alter table if exists documento_tecnico add constraint FK3ptavpfbvio00w99yjjlwwb97 foreign key (id_expediente) references expediente_regulatorio
2024-10-22T20:48:19.848-05:00 DEBUG 22836 --- [colombina] [           main] org.hibernate.SQL                        : alter table if exists entidad_sanitariainvima add constraint FKep3umn99u5inniqglvisldsmp foreign key (id_tramite) references tramite
2024-10-22T20:48:19.851-05:00 DEBUG 22836 --- [colombina] [           main] org.hibernate.SQL                        : alter table if exists expediente_regulatorio add constraint FK3offhywhgib63f2ngo0pmyk7g foreign key (id_tramite) references tramite
2024-10-22T20:48:19.854-05:00 DEBUG 22836 --- [colombina] [           main] org.hibernate.SQL                        : alter table if exists expediente_regulatorio add constraint FKff6xyatij3wm152hklh0604ye foreign key (id_usuario) references usuario
2024-10-22T20:48:19.861-05:00 DEBUG 22836 --- [colombina] [           main] org.hibernate.SQL                        : alter table if exists notificacion add constraint FKltsqh2d1if4ymvaqenuujcpnd foreign key (tramite_id_tramite) references tramite
2024-10-22T20:48:19.863-05:00 DEBUG 22836 --- [colombina] [           main] org.hibernate.SQL                        : alter table if exists pagopse add constraint FKq62k7q8r9ffmmn6jdwsuij0ef foreign key (id_tramite) references tramite
2024-10-22T20:48:19.872-05:00 DEBUG 22836 --- [colombina] [           main] org.hibernate.SQL                        : alter table if exists seguimiento_tramite add constraint FK1iiyhcs8g6fnw7pi95qhktsyp foreign key (id_tramite) references tramite
2024-10-22T20:48:19.879-05:00 DEBUG 22836 --- [colombina] [           main] org.hibernate.SQL                        : alter table if exists solicituddei add constraint FKm8npvvky2oi8q8l0r7sx2jf8r foreign key (tramite_id) references tramite
2024-10-22T20:48:19.884-05:00 DEBUG 22836 --- [colombina] [           main] org.hibernate.SQL                        : alter table if exists tramite add constraint FK4432imaacotoo0725wu7jl48d foreign key (id_archivo_control_de_tramites) references archivo_control_de_tramites
2024-10-22T20:48:19.892-05:00 DEBUG 22836 --- [colombina] [           main] org.hibernate.SQL                        : alter table if exists tramite add constraint FKqe4wcijnp817seku179mtk3th foreign key (id_asunto_regulatorio) references asunto_regulatorio
2024-10-22T20:48:19.896-05:00 DEBUG 22836 --- [colombina] [           main] org.hibernate.SQL                        : alter table if exists tramite add constraint FKnq888jdyxje3namlt8yyra97c foreign key (id_entidad) references entidad_sanitariainvima
2024-10-22T20:48:19.897-05:00 DEBUG 22836 --- [colombina] [           main] org.hibernate.SQL                        : alter table if exists tramite add constraint FKnbp88ltqsaq1mdl35kgbkrbl1 foreign key (fecha_id) references fecha
2024-10-22T20:48:19.899-05:00 DEBUG 22836 --- [colombina] [           main] org.hibernate.SQL                        : alter table if exists tramite add constraint FKdg160vps58yeu6h48cjcthxpj foreign key (id_seguimiento) references seguimiento_tramite
2024-10-22T20:48:19.902-05:00 DEBUG 22836 --- [colombina] [           main] org.hibernate.SQL                        : alter table if exists tramite add constraint FK2tbjek0s01o9v0brvhmh3rn0x foreign key (id_solicitud) references solicituddei
2024-10-22T20:48:19.906-05:00 DEBUG 22836 --- [colombina] [           main] org.hibernate.SQL                        : alter table if exists tramite add constraint FK6lg0s1ri0dgu25ufs39iq5ft1 foreign key (usuario_id) references usuario
2024-10-22T20:48:19.925-05:00  INFO 22836 --- [colombina] [           main] j.LocalContainerEntityManagerFactoryBean : Initialized JPA EntityManagerFactory for persistence unit 'default'
2024-10-22T20:48:21.652-05:00  WARN 22836 --- [colombina] [           main] JpaBaseConfiguration$JpaWebConfiguration : spring.jpa.open-in-view is enabled by default. Therefore, database queries may be performed during view rendering. Explicitly configure spring.jpa.open-in-view to disable this warning
2024-10-22T20:48:22.597-05:00  WARN 22836 --- [colombina] [           main] ion$DefaultTemplateResolverConfiguration : Cannot find template location: classpath:/templates/ (please add some templates, check your Thymeleaf configuration, or set spring.thymeleaf.check-template-location=false)
2024-10-22T20:48:22.728-05:00  INFO 22836 --- [colombina] [           main] o.s.b.a.h2.H2ConsoleAutoConfiguration    : H2 console available at '/h2'. Database available at 'jdbc:h2:file./bddColombina'
2024-10-22T20:48:22.877-05:00  INFO 22836 --- [colombina] [           main] o.s.b.t.m.w.SpringBootMockServletContext : Initializing Spring TestDispatcherServlet ''
2024-10-22T20:48:22.877-05:00  INFO 22836 --- [colombina] [           main] o.s.t.web.servlet.TestDispatcherServlet  : Initializing Servlet ''
2024-10-22T20:48:22.880-05:00  INFO 22836 --- [colombina] [           main] o.s.t.web.servlet.TestDispatcherServlet  : Completed initialization in 2 ms
2024-10-22T20:48:22.916-05:00  INFO 22836 --- [colombina] [           main] c.e.c.c.TramiteControllerIntegrationTest : Started TramiteControllerIntegrationTest in 10.506 seconds (process running for 13.031)
2024-10-22T20:48:24.482-05:00 DEBUG 22836 --- [colombina] [           main] org.hibernate.SQL                        : select t1_0.id_tramite,acdt1_0.id_archivo_control_de_tramites,acdt1_0.estado_tramite,acdt1_0.fecha_creacion,acdt1_0.historial_de_modificaciones,ar1_0.id_asunto_regulatorio,ar1_0.estado_asunto,ar1_0.fecha_asunto,ar1_0.responsable,esi1_0.id_entidad,esi1_0.comentarios,esi1_0.fecha_radicacion,esi1_0.resultado_tramite,t2_0.id_tramite,acdt2_0.id_archivo_control_de_tramites,acdt2_0.estado_tramite,acdt2_0.fecha_creacion,acdt2_0.historial_de_modificaciones,ar2_0.id_asunto_regulatorio,ar2_0.estado_asunto,ar2_0.fecha_asunto,ar2_0.responsable,t2_0.id_entidad,t2_0.estado_tramite,t2_0.fecha_id,f1_0.fecha_id,f1_0.año,f1_0.dia,f1_0.mes,t2_0.fecha_ejecucion,t2_0.fecha_radicacion,t2_0.numero_registro,t2_0.observaciones,t2_0.plazo_respuesta,st1_0.id_seguimiento,st1_0.acciones_realizadas,st1_0.estado_actual,st1_0.fecha_seguimiento,st1_0.observaciones,t3_0.id_tramite,acdt3_0.id_archivo_control_de_tramites,acdt3_0.estado_tramite,acdt3_0.fecha_creacion,acdt3_0.historial_de_modificaciones,ar3_0.id_asunto_regulatorio,ar3_0.estado_asunto,ar3_0.fecha_asunto,ar3_0.responsable,t3_0.id_entidad,t3_0.estado_tramite,t3_0.fecha_id,f2_0.fecha_id,f2_0.año,f2_0.dia,f2_0.mes,t3_0.fecha_ejecucion,t3_0.fecha_radicacion,t3_0.numero_registro,t3_0.observaciones,t3_0.plazo_respuesta,t3_0.id_seguimiento,sd1_0.id_solicitud,sd1_0.descripcion,sd1_0.documentacion_tecnica,sd1_0.fecha_solicitud,sd1_0.nombre_solicitante,sd1_0.tipo_de_producto,sd1_0.tipo_de_registro,t4_0.id_tramite,acdt4_0.id_archivo_control_de_tramites,acdt4_0.estado_tramite,acdt4_0.fecha_creacion,acdt4_0.historial_de_modificaciones,ar4_0.id_asunto_regulatorio,ar4_0.estado_asunto,ar4_0.fecha_asunto,ar4_0.responsable,t4_0.id_entidad,t4_0.estado_tramite,t4_0.fecha_id,f3_0.fecha_id,f3_0.año,f3_0.dia,f3_0.mes,t4_0.fecha_ejecucion,t4_0.fecha_radicacion,t4_0.numero_registro,t4_0.observaciones,t4_0.plazo_respuesta,t4_0.id_seguimiento,t4_0.id_solicitud,t4_0.tipo_tramite,t4_0.usuario_id,u1_0.id,u1_0.contraseña,u1_0.correo,u1_0.credencial,u1_0.rol,t3_0.tipo_tramite,t3_0.usuario_id,u2_0.id,u2_0.contraseña,u2_0.correo,u2_0.credencial,u2_0.rol,sd3_0.id_solicitud,sd3_0.descripcion,sd3_0.documentacion_tecnica,sd3_0.fecha_solicitud,sd3_0.nombre_solicitante,sd3_0.tipo_de_producto,sd3_0.tipo_de_registro,t5_0.id_tramite,acdt5_0.id_archivo_control_de_tramites,acdt5_0.estado_tramite,acdt5_0.fecha_creacion,acdt5_0.historial_de_modificaciones,ar5_0.id_asunto_regulatorio,ar5_0.estado_asunto,ar5_0.fecha_asunto,ar5_0.responsable,t5_0.id_entidad,t5_0.estado_tramite,t5_0.fecha_id,f4_0.fecha_id,f4_0.año,f4_0.dia,f4_0.mes,t5_0.fecha_ejecucion,t5_0.fecha_radicacion,t5_0.numero_registro,t5_0.observaciones,t5_0.plazo_respuesta,st4_0.id_seguimiento,st4_0.acciones_realizadas,st4_0.estado_actual,st4_0.fecha_seguimiento,st4_0.observaciones,t6_0.id_tramite,acdt6_0.id_archivo_control_de_tramites,acdt6_0.estado_tramite,acdt6_0.fecha_creacion,acdt6_0.historial_de_modificaciones,ar6_0.id_asunto_regulatorio,ar6_0.estado_asunto,ar6_0.fecha_asunto,ar6_0.responsable,t6_0.id_entidad,t6_0.estado_tramite,t6_0.fecha_id,f5_0.fecha_id,f5_0.año,f5_0.dia,f5_0.mes,t6_0.fecha_ejecucion,t6_0.fecha_radicacion,t6_0.numero_registro,t6_0.observaciones,t6_0.plazo_respuesta,t6_0.id_seguimiento,t6_0.id_solicitud,t6_0.tipo_tramite,t6_0.usuario_id,u3_0.id,u3_0.contraseña,u3_0.correo,u3_0.credencial,u3_0.rol,t5_0.id_solicitud,t5_0.tipo_tramite,t5_0.usuario_id,u4_0.id,u4_0.contraseña,u4_0.correo,u4_0.credencial,u4_0.rol,t2_0.tipo_tramite,t2_0.usuario_id,u5_0.id,u5_0.contraseña,u5_0.correo,u5_0.credencial,u5_0.rol,t1_0.estado_tramite,t1_0.fecha_id,f6_0.fecha_id,f6_0.año,f6_0.dia,f6_0.mes,t1_0.fecha_ejecucion,t1_0.fecha_radicacion,t1_0.numero_registro,t1_0.observaciones,t1_0.plazo_respuesta,st6_0.id_seguimiento,st6_0.acciones_realizadas,st6_0.estado_actual,st6_0.fecha_seguimiento,st6_0.observaciones,t7_0.id_tramite,acdt7_0.id_archivo_control_de_tramites,acdt7_0.estado_tramite,acdt7_0.fecha_creacion,acdt7_0.historial_de_modificaciones,ar7_0.id_asunto_regulatorio,ar7_0.estado_asunto,ar7_0.fecha_asunto,ar7_0.responsable,esi7_0.id_entidad,esi7_0.comentarios,esi7_0.fecha_radicacion,esi7_0.resultado_tramite,t8_0.id_tramite,acdt8_0.id_archivo_control_de_tramites,acdt8_0.estado_tramite,acdt8_0.fecha_creacion,acdt8_0.historial_de_modificaciones,ar8_0.id_asunto_regulatorio,ar8_0.estado_asunto,ar8_0.fecha_asunto,ar8_0.responsable,t8_0.id_entidad,t8_0.estado_tramite,t8_0.fecha_id,f7_0.fecha_id,f7_0.año,f7_0.dia,f7_0.mes,t8_0.fecha_ejecucion,t8_0.fecha_radicacion,t8_0.numero_registro,t8_0.observaciones,t8_0.plazo_respuesta,t8_0.id_seguimiento,sd6_0.id_solicitud,sd6_0.descripcion,sd6_0.documentacion_tecnica,sd6_0.fecha_solicitud,sd6_0.nombre_solicitante,sd6_0.tipo_de_producto,sd6_0.tipo_de_registro,t9_0.id_tramite,acdt9_0.id_archivo_control_de_tramites,acdt9_0.estado_tramite,acdt9_0.fecha_creacion,acdt9_0.historial_de_modificaciones,ar9_0.id_asunto_regulatorio,ar9_0.estado_asunto,ar9_0.fecha_asunto,ar9_0.responsable,t9_0.id_entidad,t9_0.estado_tramite,t9_0.fecha_id,f8_0.fecha_id,f8_0.año,f8_0.dia,f8_0.mes,t9_0.fecha_ejecucion,t9_0.fecha_radicacion,t9_0.numero_registro,t9_0.observaciones,t9_0.plazo_respuesta,t9_0.id_seguimiento,t9_0.id_solicitud,t9_0.tipo_tramite,t9_0.usuario_id,u6_0.id,u6_0.contraseña,u6_0.correo,u6_0.credencial,u6_0.rol,t8_0.tipo_tramite,t8_0.usuario_id,u7_0.id,u7_0.contraseña,u7_0.correo,u7_0.credencial,u7_0.rol,t7_0.estado_tramite,t7_0.fecha_id,f9_0.fecha_id,f9_0.año,f9_0.dia,f9_0.mes,t7_0.fecha_ejecucion,t7_0.fecha_radicacion,t7_0.numero_registro,t7_0.observaciones,t7_0.plazo_respuesta,t7_0.id_seguimiento,sd8_0.id_solicitud,sd8_0.descripcion,sd8_0.documentacion_tecnica,sd8_0.fecha_solicitud,sd8_0.nombre_solicitante,sd8_0.tipo_de_producto,sd8_0.tipo_de_registro,t10_0.id_tramite,acdt10_0.id_archivo_control_de_tramites,acdt10_0.estado_tramite,acdt10_0.fecha_creacion,acdt10_0.historial_de_modificaciones,ar10_0.id_asunto_regulatorio,ar10_0.estado_asunto,ar10_0.fecha_asunto,ar10_0.responsable,esi10_0.id_entidad,esi10_0.comentarios,esi10_0.fecha_radicacion,esi10_0.resultado_tramite,t11_0.id_tramite,acdt11_0.id_archivo_control_de_tramites,acdt11_0.estado_tramite,acdt11_0.fecha_creacion,acdt11_0.historial_de_modificaciones,ar11_0.id_asunto_regulatorio,ar11_0.estado_asunto,ar11_0.fecha_asunto,ar11_0.responsable,t11_0.id_entidad,t11_0.estado_tramite,t11_0.fecha_id,f10_0.fecha_id,f10_0.año,f10_0.dia,f10_0.mes,t11_0.fecha_ejecucion,t11_0.fecha_radicacion,t11_0.numero_registro,t11_0.observaciones,t11_0.plazo_respuesta,t11_0.id_seguimiento,t11_0.id_solicitud,t11_0.tipo_tramite,t11_0.usuario_id,u8_0.id,u8_0.contraseña,u8_0.correo,u8_0.credencial,u8_0.rol,t10_0.estado_tramite,t10_0.fecha_id,f11_0.fecha_id,f11_0.año,f11_0.dia,f11_0.mes,t10_0.fecha_ejecucion,t10_0.fecha_radicacion,t10_0.numero_registro,t10_0.observaciones,t10_0.plazo_respuesta,t10_0.id_seguimiento,t10_0.id_solicitud,t10_0.tipo_tramite,t10_0.usuario_id,u9_0.id,u9_0.contraseña,u9_0.correo,u9_0.credencial,u9_0.rol,t7_0.tipo_tramite,t7_0.usuario_id,u10_0.id,u10_0.contraseña,u10_0.correo,u10_0.credencial,u10_0.rol,sd11_0.id_solicitud,sd11_0.descripcion,sd11_0.documentacion_tecnica,sd11_0.fecha_solicitud,sd11_0.nombre_solicitante,sd11_0.tipo_de_producto,sd11_0.tipo_de_registro,t12_0.id_tramite,acdt12_0.id_archivo_control_de_tramites,acdt12_0.estado_tramite,acdt12_0.fecha_creacion,acdt12_0.historial_de_modificaciones,ar12_0.id_asunto_regulatorio,ar12_0.estado_asunto,ar12_0.fecha_asunto,ar12_0.responsable,esi12_0.id_entidad,esi12_0.comentarios,esi12_0.fecha_radicacion,esi12_0.resultado_tramite,t13_0.id_tramite,acdt13_0.id_archivo_control_de_tramites,acdt13_0.estado_tramite,acdt13_0.fecha_creacion,acdt13_0.historial_de_modificaciones,ar13_0.id_asunto_regulatorio,ar13_0.estado_asunto,ar13_0.fecha_asunto,ar13_0.responsable,t13_0.id_entidad,t13_0.estado_tramite,t13_0.fecha_id,f12_0.fecha_id,f12_0.año,f12_0.dia,f12_0.mes,t13_0.fecha_ejecucion,t13_0.fecha_radicacion,t13_0.numero_registro,t13_0.observaciones,t13_0.plazo_respuesta,st12_0.id_seguimiento,st12_0.acciones_realizadas,st12_0.estado_actual,st12_0.fecha_seguimiento,st12_0.observaciones,t14_0.id_tramite,acdt14_0.id_archivo_control_de_tramites,acdt14_0.estado_tramite,acdt14_0.fecha_creacion,acdt14_0.historial_de_modificaciones,ar14_0.id_asunto_regulatorio,ar14_0.estado_asunto,ar14_0.fecha_asunto,ar14_0.responsable,t14_0.id_entidad,t14_0.estado_tramite,t14_0.fecha_id,f13_0.fecha_id,f13_0.año,f13_0.dia,f13_0.mes,t14_0.fecha_ejecucion,t14_0.fecha_radicacion,t14_0.numero_registro,t14_0.observaciones,t14_0.plazo_respuesta,t14_0.id_seguimiento,t14_0.id_solicitud,t14_0.tipo_tramite,t14_0.usuario_id,u11_0.id,u11_0.contraseña,u11_0.correo,u11_0.credencial,u11_0.rol,t13_0.id_solicitud,t13_0.tipo_tramite,t13_0.usuario_id,u12_0.id,u12_0.contraseña,u12_0.correo,u12_0.credencial,u12_0.rol,t12_0.estado_tramite,t12_0.fecha_id,f14_0.fecha_id,f14_0.año,f14_0.dia,f14_0.mes,t12_0.fecha_ejecucion,t12_0.fecha_radicacion,t12_0.numero_registro,t12_0.observaciones,t12_0.plazo_respuesta,st14_0.id_seguimiento,st14_0.acciones_realizadas,st14_0.estado_actual,st14_0.fecha_seguimiento,st14_0.observaciones,t15_0.id_tramite,acdt15_0.id_archivo_control_de_tramites,acdt15_0.estado_tramite,acdt15_0.fecha_creacion,acdt15_0.historial_de_modificaciones,ar15_0.id_asunto_regulatorio,ar15_0.estado_asunto,ar15_0.fecha_asunto,ar15_0.responsable,esi15_0.id_entidad,esi15_0.comentarios,esi15_0.fecha_radicacion,esi15_0.resultado_tramite,t16_0.id_tramite,acdt16_0.id_archivo_control_de_tramites,acdt16_0.estado_tramite,acdt16_0.fecha_creacion,acdt16_0.historial_de_modificaciones,ar16_0.id_asunto_regulatorio,ar16_0.estado_asunto,ar16_0.fecha_asunto,ar16_0.responsable,t16_0.id_entidad,t16_0.estado_tramite,t16_0.fecha_id,f15_0.fecha_id,f15_0.año,f15_0.dia,f15_0.mes,t16_0.fecha_ejecucion,t16_0.fecha_radicacion,t16_0.numero_registro,t16_0.observaciones,t16_0.plazo_respuesta,t16_0.id_seguimiento,t16_0.id_solicitud,t16_0.tipo_tramite,t16_0.usuario_id,u13_0.id,u13_0.contraseña,u13_0.correo,u13_0.credencial,u13_0.rol,t15_0.estado_tramite,t15_0.fecha_id,f16_0.fecha_id,f16_0.año,f16_0.dia,f16_0.mes,t15_0.fecha_ejecucion,t15_0.fecha_radicacion,t15_0.numero_registro,t15_0.observaciones,t15_0.plazo_respuesta,t15_0.id_seguimiento,t15_0.id_solicitud,t15_0.tipo_tramite,t15_0.usuario_id,u14_0.id,u14_0.contraseña,u14_0.correo,u14_0.credencial,u14_0.rol,t12_0.id_solicitud,t12_0.tipo_tramite,t12_0.usuario_id,u15_0.id,u15_0.contraseña,u15_0.correo,u15_0.credencial,u15_0.rol,t1_0.tipo_tramite,t1_0.usuario_id,u16_0.id,u16_0.contraseña,u16_0.correo,u16_0.credencial,u16_0.rol from tramite t1_0 left join archivo_control_de_tramites acdt1_0 on acdt1_0.id_archivo_control_de_tramites=t1_0.id_archivo_control_de_tramites left join asunto_regulatorio ar1_0 on ar1_0.id_asunto_regulatorio=t1_0.id_asunto_regulatorio left join entidad_sanitariainvima esi1_0 on esi1_0.id_entidad=t1_0.id_entidad left join tramite t2_0 on t2_0.id_tramite=esi1_0.id_tramite left join archivo_control_de_tramites acdt2_0 on acdt2_0.id_archivo_control_de_tramites=t2_0.id_archivo_control_de_tramites left join asunto_regulatorio ar2_0 on ar2_0.id_asunto_regulatorio=t2_0.id_asunto_regulatorio left join fecha f1_0 on f1_0.fecha_id=t2_0.fecha_id left join seguimiento_tramite st1_0 on st1_0.id_seguimiento=t2_0.id_seguimiento left join tramite t3_0 on t3_0.id_tramite=st1_0.id_tramite left join archivo_control_de_tramites acdt3_0 on acdt3_0.id_archivo_control_de_tramites=t3_0.id_archivo_control_de_tramites left join asunto_regulatorio ar3_0 on ar3_0.id_asunto_regulatorio=t3_0.id_asunto_regulatorio left join fecha f2_0 on f2_0.fecha_id=t3_0.fecha_id left join solicituddei sd1_0 on sd1_0.id_solicitud=t3_0.id_solicitud left join tramite t4_0 on t4_0.id_tramite=sd1_0.tramite_id left join archivo_control_de_tramites acdt4_0 on acdt4_0.id_archivo_control_de_tramites=t4_0.id_archivo_control_de_tramites left join asunto_regulatorio ar4_0 on ar4_0.id_asunto_regulatorio=t4_0.id_asunto_regulatorio left join fecha f3_0 on f3_0.fecha_id=t4_0.fecha_id left join usuario u1_0 on u1_0.id=t4_0.usuario_id left join usuario u2_0 on u2_0.id=t3_0.usuario_id left join solicituddei sd3_0 on sd3_0.id_solicitud=t2_0.id_solicitud left join tramite t5_0 on t5_0.id_tramite=sd3_0.tramite_id left join archivo_control_de_tramites acdt5_0 on acdt5_0.id_archivo_control_de_tramites=t5_0.id_archivo_control_de_tramites left join asunto_regulatorio ar5_0 on ar5_0.id_asunto_regulatorio=t5_0.id_asunto_regulatorio left join fecha f4_0 on f4_0.fecha_id=t5_0.fecha_id left join seguimiento_tramite st4_0 on st4_0.id_seguimiento=t5_0.id_seguimiento left join tramite t6_0 on t6_0.id_tramite=st4_0.id_tramite left join archivo_control_de_tramites acdt6_0 on acdt6_0.id_archivo_control_de_tramites=t6_0.id_archivo_control_de_tramites left join asunto_regulatorio ar6_0 on ar6_0.id_asunto_regulatorio=t6_0.id_asunto_regulatorio left join fecha f5_0 on f5_0.fecha_id=t6_0.fecha_id left join usuario u3_0 on u3_0.id=t6_0.usuario_id left join usuario u4_0 on u4_0.id=t5_0.usuario_id left join usuario u5_0 on u5_0.id=t2_0.usuario_id join fecha f6_0 on f6_0.fecha_id=t1_0.fecha_id left join seguimiento_tramite st6_0 on st6_0.id_seguimiento=t1_0.id_seguimiento left join tramite t7_0 on t7_0.id_tramite=st6_0.id_tramite left join archivo_control_de_tramites acdt7_0 on acdt7_0.id_archivo_control_de_tramites=t7_0.id_archivo_control_de_tramites left join asunto_regulatorio ar7_0 on ar7_0.id_asunto_regulatorio=t7_0.id_asunto_regulatorio left join entidad_sanitariainvima esi7_0 on esi7_0.id_entidad=t7_0.id_entidad left join tramite t8_0 on t8_0.id_tramite=esi7_0.id_tramite left join archivo_control_de_tramites acdt8_0 on acdt8_0.id_archivo_control_de_tramites=t8_0.id_archivo_control_de_tramites left join asunto_regulatorio ar8_0 on ar8_0.id_asunto_regulatorio=t8_0.id_asunto_regulatorio left join fecha f7_0 on f7_0.fecha_id=t8_0.fecha_id left join solicituddei sd6_0 on sd6_0.id_solicitud=t8_0.id_solicitud left join tramite t9_0 on t9_0.id_tramite=sd6_0.tramite_id left join archivo_control_de_tramites acdt9_0 on acdt9_0.id_archivo_control_de_tramites=t9_0.id_archivo_control_de_tramites left join asunto_regulatorio ar9_0 on ar9_0.id_asunto_regulatorio=t9_0.id_asunto_regulatorio left join fecha f8_0 on f8_0.fecha_id=t9_0.fecha_id left join usuario u6_0 on u6_0.id=t9_0.usuario_id left join usuario u7_0 on u7_0.id=t8_0.usuario_id left join fecha f9_0 on f9_0.fecha_id=t7_0.fecha_id left join solicituddei sd8_0 on sd8_0.id_solicitud=t7_0.id_solicitud left join tramite t10_0 on t10_0.id_tramite=sd8_0.tramite_id left join archivo_control_de_tramites acdt10_0 on acdt10_0.id_archivo_control_de_tramites=t10_0.id_archivo_control_de_tramites left join asunto_regulatorio ar10_0 on ar10_0.id_asunto_regulatorio=t10_0.id_asunto_regulatorio left join entidad_sanitariainvima esi10_0 on esi10_0.id_entidad=t10_0.id_entidad left join tramite t11_0 on t11_0.id_tramite=esi10_0.id_tramite left join archivo_control_de_tramites acdt11_0 on acdt11_0.id_archivo_control_de_tramites=t11_0.id_archivo_control_de_tramites left join asunto_regulatorio ar11_0 on ar11_0.id_asunto_regulatorio=t11_0.id_asunto_regulatorio left join fecha f10_0 on f10_0.fecha_id=t11_0.fecha_id left join usuario u8_0 on u8_0.id=t11_0.usuario_id left join fecha f11_0 on f11_0.fecha_id=t10_0.fecha_id left join usuario u9_0 on u9_0.id=t10_0.usuario_id left join usuario u10_0 on u10_0.id=t7_0.usuario_id left join solicituddei sd11_0 on sd11_0.id_solicitud=t1_0.id_solicitud left join tramite t12_0 on t12_0.id_tramite=sd11_0.tramite_id left join archivo_control_de_tramites acdt12_0 on acdt12_0.id_archivo_control_de_tramites=t12_0.id_archivo_control_de_tramites left join asunto_regulatorio ar12_0 on ar12_0.id_asunto_regulatorio=t12_0.id_asunto_regulatorio left join entidad_sanitariainvima esi12_0 on esi12_0.id_entidad=t12_0.id_entidad left join tramite t13_0 on t13_0.id_tramite=esi12_0.id_tramite left join archivo_control_de_tramites acdt13_0 on acdt13_0.id_archivo_control_de_tramites=t13_0.id_archivo_control_de_tramites left join asunto_regulatorio ar13_0 on ar13_0.id_asunto_regulatorio=t13_0.id_asunto_regulatorio left join fecha f12_0 on f12_0.fecha_id=t13_0.fecha_id left join seguimiento_tramite st12_0 on st12_0.id_seguimiento=t13_0.id_seguimiento left join tramite t14_0 on t14_0.id_tramite=st12_0.id_tramite left join archivo_control_de_tramites acdt14_0 on acdt14_0.id_archivo_control_de_tramites=t14_0.id_archivo_control_de_tramites left join asunto_regulatorio ar14_0 on ar14_0.id_asunto_regulatorio=t14_0.id_asunto_regulatorio left join fecha f13_0 on f13_0.fecha_id=t14_0.fecha_id left join usuario u11_0 on u11_0.id=t14_0.usuario_id left join usuario u12_0 on u12_0.id=t13_0.usuario_id left join fecha f14_0 on f14_0.fecha_id=t12_0.fecha_id left join seguimiento_tramite st14_0 on st14_0.id_seguimiento=t12_0.id_seguimiento left join tramite t15_0 on t15_0.id_tramite=st14_0.id_tramite left join archivo_control_de_tramites acdt15_0 on acdt15_0.id_archivo_control_de_tramites=t15_0.id_archivo_control_de_tramites left join asunto_regulatorio ar15_0 on ar15_0.id_asunto_regulatorio=t15_0.id_asunto_regulatorio left join entidad_sanitariainvima esi15_0 on esi15_0.id_entidad=t15_0.id_entidad left join tramite t16_0 on t16_0.id_tramite=esi15_0.id_tramite left join archivo_control_de_tramites acdt16_0 on acdt16_0.id_archivo_control_de_tramites=t16_0.id_archivo_control_de_tramites left join asunto_regulatorio ar16_0 on ar16_0.id_asunto_regulatorio=t16_0.id_asunto_regulatorio left join fecha f15_0 on f15_0.fecha_id=t16_0.fecha_id left join usuario u13_0 on u13_0.id=t16_0.usuario_id left join fecha f16_0 on f16_0.fecha_id=t15_0.fecha_id left join usuario u14_0 on u14_0.id=t15_0.usuario_id left join usuario u15_0 on u15_0.id=t12_0.usuario_id join usuario u16_0 on u16_0.id=t1_0.usuario_id where t1_0.id_tramite=?
]]></system-out>
    <system-err><![CDATA[WARNING: A Java agent has been loaded dynamically (C:\Users\aleja\.m2\repository\net\bytebuddy\byte-buddy-agent\1.14.19\byte-buddy-agent-1.14.19.jar)
WARNING: If a serviceability tool is in use, please run with -XX:+EnableDynamicAgentLoading to hide this warning
WARNING: If a serviceability tool is not in use, please run with -Djdk.instrument.traceUsage for more information
WARNING: Dynamic loading of agents will be disallowed by default in a future release
]]></system-err>
  </testcase>
  <testcase name="obtenerTramitePorId_Devuelve200_CuandoSeEncuentraElTramite" classname="com.example.colombina.controlador.TramiteControllerIntegrationTest" time="0.17">
    <failure message="Status expected:&lt;200&gt; but was:&lt;404&gt;" type="java.lang.AssertionError"><![CDATA[java.lang.AssertionError: Status expected:<200> but was:<404>
	at org.springframework.test.util.AssertionErrors.fail(AssertionErrors.java:59)
	at org.springframework.test.util.AssertionErrors.assertEquals(AssertionErrors.java:122)
	at org.springframework.test.web.servlet.result.StatusResultMatchers.lambda$matcher$9(StatusResultMatchers.java:637)
	at org.springframework.test.web.servlet.MockMvc$1.andExpect(MockMvc.java:214)
	at com.example.colombina.controlador.TramiteControllerIntegrationTest.obtenerTramitePorId_Devuelve200_CuandoSeEncuentraElTramite(TramiteControllerIntegrationTest.java:71)
	at java.base/java.lang.reflect.Method.invoke(Method.java:580)
	at java.base/java.util.ArrayList.forEach(ArrayList.java:1597)
	at java.base/java.util.ArrayList.forEach(ArrayList.java:1597)
]]></failure>
    <system-out><![CDATA[2024-10-22T20:48:24.757-05:00 DEBUG 22836 --- [colombina] [           main] org.hibernate.SQL                        : select t1_0.id_tramite,acdt1_0.id_archivo_control_de_tramites,acdt1_0.estado_tramite,acdt1_0.fecha_creacion,acdt1_0.historial_de_modificaciones,ar1_0.id_asunto_regulatorio,ar1_0.estado_asunto,ar1_0.fecha_asunto,ar1_0.responsable,esi1_0.id_entidad,esi1_0.comentarios,esi1_0.fecha_radicacion,esi1_0.resultado_tramite,t2_0.id_tramite,acdt2_0.id_archivo_control_de_tramites,acdt2_0.estado_tramite,acdt2_0.fecha_creacion,acdt2_0.historial_de_modificaciones,ar2_0.id_asunto_regulatorio,ar2_0.estado_asunto,ar2_0.fecha_asunto,ar2_0.responsable,t2_0.id_entidad,t2_0.estado_tramite,t2_0.fecha_id,f1_0.fecha_id,f1_0.año,f1_0.dia,f1_0.mes,t2_0.fecha_ejecucion,t2_0.fecha_radicacion,t2_0.numero_registro,t2_0.observaciones,t2_0.plazo_respuesta,st1_0.id_seguimiento,st1_0.acciones_realizadas,st1_0.estado_actual,st1_0.fecha_seguimiento,st1_0.observaciones,t3_0.id_tramite,acdt3_0.id_archivo_control_de_tramites,acdt3_0.estado_tramite,acdt3_0.fecha_creacion,acdt3_0.historial_de_modificaciones,ar3_0.id_asunto_regulatorio,ar3_0.estado_asunto,ar3_0.fecha_asunto,ar3_0.responsable,t3_0.id_entidad,t3_0.estado_tramite,t3_0.fecha_id,f2_0.fecha_id,f2_0.año,f2_0.dia,f2_0.mes,t3_0.fecha_ejecucion,t3_0.fecha_radicacion,t3_0.numero_registro,t3_0.observaciones,t3_0.plazo_respuesta,t3_0.id_seguimiento,sd1_0.id_solicitud,sd1_0.descripcion,sd1_0.documentacion_tecnica,sd1_0.fecha_solicitud,sd1_0.nombre_solicitante,sd1_0.tipo_de_producto,sd1_0.tipo_de_registro,t4_0.id_tramite,acdt4_0.id_archivo_control_de_tramites,acdt4_0.estado_tramite,acdt4_0.fecha_creacion,acdt4_0.historial_de_modificaciones,ar4_0.id_asunto_regulatorio,ar4_0.estado_asunto,ar4_0.fecha_asunto,ar4_0.responsable,t4_0.id_entidad,t4_0.estado_tramite,t4_0.fecha_id,f3_0.fecha_id,f3_0.año,f3_0.dia,f3_0.mes,t4_0.fecha_ejecucion,t4_0.fecha_radicacion,t4_0.numero_registro,t4_0.observaciones,t4_0.plazo_respuesta,t4_0.id_seguimiento,t4_0.id_solicitud,t4_0.tipo_tramite,t4_0.usuario_id,u1_0.id,u1_0.contraseña,u1_0.correo,u1_0.credencial,u1_0.rol,t3_0.tipo_tramite,t3_0.usuario_id,u2_0.id,u2_0.contraseña,u2_0.correo,u2_0.credencial,u2_0.rol,sd3_0.id_solicitud,sd3_0.descripcion,sd3_0.documentacion_tecnica,sd3_0.fecha_solicitud,sd3_0.nombre_solicitante,sd3_0.tipo_de_producto,sd3_0.tipo_de_registro,t5_0.id_tramite,acdt5_0.id_archivo_control_de_tramites,acdt5_0.estado_tramite,acdt5_0.fecha_creacion,acdt5_0.historial_de_modificaciones,ar5_0.id_asunto_regulatorio,ar5_0.estado_asunto,ar5_0.fecha_asunto,ar5_0.responsable,t5_0.id_entidad,t5_0.estado_tramite,t5_0.fecha_id,f4_0.fecha_id,f4_0.año,f4_0.dia,f4_0.mes,t5_0.fecha_ejecucion,t5_0.fecha_radicacion,t5_0.numero_registro,t5_0.observaciones,t5_0.plazo_respuesta,st4_0.id_seguimiento,st4_0.acciones_realizadas,st4_0.estado_actual,st4_0.fecha_seguimiento,st4_0.observaciones,t6_0.id_tramite,acdt6_0.id_archivo_control_de_tramites,acdt6_0.estado_tramite,acdt6_0.fecha_creacion,acdt6_0.historial_de_modificaciones,ar6_0.id_asunto_regulatorio,ar6_0.estado_asunto,ar6_0.fecha_asunto,ar6_0.responsable,t6_0.id_entidad,t6_0.estado_tramite,t6_0.fecha_id,f5_0.fecha_id,f5_0.año,f5_0.dia,f5_0.mes,t6_0.fecha_ejecucion,t6_0.fecha_radicacion,t6_0.numero_registro,t6_0.observaciones,t6_0.plazo_respuesta,t6_0.id_seguimiento,t6_0.id_solicitud,t6_0.tipo_tramite,t6_0.usuario_id,u3_0.id,u3_0.contraseña,u3_0.correo,u3_0.credencial,u3_0.rol,t5_0.id_solicitud,t5_0.tipo_tramite,t5_0.usuario_id,u4_0.id,u4_0.contraseña,u4_0.correo,u4_0.credencial,u4_0.rol,t2_0.tipo_tramite,t2_0.usuario_id,u5_0.id,u5_0.contraseña,u5_0.correo,u5_0.credencial,u5_0.rol,t1_0.estado_tramite,t1_0.fecha_id,f6_0.fecha_id,f6_0.año,f6_0.dia,f6_0.mes,t1_0.fecha_ejecucion,t1_0.fecha_radicacion,t1_0.numero_registro,t1_0.observaciones,t1_0.plazo_respuesta,st6_0.id_seguimiento,st6_0.acciones_realizadas,st6_0.estado_actual,st6_0.fecha_seguimiento,st6_0.observaciones,t7_0.id_tramite,acdt7_0.id_archivo_control_de_tramites,acdt7_0.estado_tramite,acdt7_0.fecha_creacion,acdt7_0.historial_de_modificaciones,ar7_0.id_asunto_regulatorio,ar7_0.estado_asunto,ar7_0.fecha_asunto,ar7_0.responsable,esi7_0.id_entidad,esi7_0.comentarios,esi7_0.fecha_radicacion,esi7_0.resultado_tramite,t8_0.id_tramite,acdt8_0.id_archivo_control_de_tramites,acdt8_0.estado_tramite,acdt8_0.fecha_creacion,acdt8_0.historial_de_modificaciones,ar8_0.id_asunto_regulatorio,ar8_0.estado_asunto,ar8_0.fecha_asunto,ar8_0.responsable,t8_0.id_entidad,t8_0.estado_tramite,t8_0.fecha_id,f7_0.fecha_id,f7_0.año,f7_0.dia,f7_0.mes,t8_0.fecha_ejecucion,t8_0.fecha_radicacion,t8_0.numero_registro,t8_0.observaciones,t8_0.plazo_respuesta,t8_0.id_seguimiento,sd6_0.id_solicitud,sd6_0.descripcion,sd6_0.documentacion_tecnica,sd6_0.fecha_solicitud,sd6_0.nombre_solicitante,sd6_0.tipo_de_producto,sd6_0.tipo_de_registro,t9_0.id_tramite,acdt9_0.id_archivo_control_de_tramites,acdt9_0.estado_tramite,acdt9_0.fecha_creacion,acdt9_0.historial_de_modificaciones,ar9_0.id_asunto_regulatorio,ar9_0.estado_asunto,ar9_0.fecha_asunto,ar9_0.responsable,t9_0.id_entidad,t9_0.estado_tramite,t9_0.fecha_id,f8_0.fecha_id,f8_0.año,f8_0.dia,f8_0.mes,t9_0.fecha_ejecucion,t9_0.fecha_radicacion,t9_0.numero_registro,t9_0.observaciones,t9_0.plazo_respuesta,t9_0.id_seguimiento,t9_0.id_solicitud,t9_0.tipo_tramite,t9_0.usuario_id,u6_0.id,u6_0.contraseña,u6_0.correo,u6_0.credencial,u6_0.rol,t8_0.tipo_tramite,t8_0.usuario_id,u7_0.id,u7_0.contraseña,u7_0.correo,u7_0.credencial,u7_0.rol,t7_0.estado_tramite,t7_0.fecha_id,f9_0.fecha_id,f9_0.año,f9_0.dia,f9_0.mes,t7_0.fecha_ejecucion,t7_0.fecha_radicacion,t7_0.numero_registro,t7_0.observaciones,t7_0.plazo_respuesta,t7_0.id_seguimiento,sd8_0.id_solicitud,sd8_0.descripcion,sd8_0.documentacion_tecnica,sd8_0.fecha_solicitud,sd8_0.nombre_solicitante,sd8_0.tipo_de_producto,sd8_0.tipo_de_registro,t10_0.id_tramite,acdt10_0.id_archivo_control_de_tramites,acdt10_0.estado_tramite,acdt10_0.fecha_creacion,acdt10_0.historial_de_modificaciones,ar10_0.id_asunto_regulatorio,ar10_0.estado_asunto,ar10_0.fecha_asunto,ar10_0.responsable,esi10_0.id_entidad,esi10_0.comentarios,esi10_0.fecha_radicacion,esi10_0.resultado_tramite,t11_0.id_tramite,acdt11_0.id_archivo_control_de_tramites,acdt11_0.estado_tramite,acdt11_0.fecha_creacion,acdt11_0.historial_de_modificaciones,ar11_0.id_asunto_regulatorio,ar11_0.estado_asunto,ar11_0.fecha_asunto,ar11_0.responsable,t11_0.id_entidad,t11_0.estado_tramite,t11_0.fecha_id,f10_0.fecha_id,f10_0.año,f10_0.dia,f10_0.mes,t11_0.fecha_ejecucion,t11_0.fecha_radicacion,t11_0.numero_registro,t11_0.observaciones,t11_0.plazo_respuesta,t11_0.id_seguimiento,t11_0.id_solicitud,t11_0.tipo_tramite,t11_0.usuario_id,u8_0.id,u8_0.contraseña,u8_0.correo,u8_0.credencial,u8_0.rol,t10_0.estado_tramite,t10_0.fecha_id,f11_0.fecha_id,f11_0.año,f11_0.dia,f11_0.mes,t10_0.fecha_ejecucion,t10_0.fecha_radicacion,t10_0.numero_registro,t10_0.observaciones,t10_0.plazo_respuesta,t10_0.id_seguimiento,t10_0.id_solicitud,t10_0.tipo_tramite,t10_0.usuario_id,u9_0.id,u9_0.contraseña,u9_0.correo,u9_0.credencial,u9_0.rol,t7_0.tipo_tramite,t7_0.usuario_id,u10_0.id,u10_0.contraseña,u10_0.correo,u10_0.credencial,u10_0.rol,sd11_0.id_solicitud,sd11_0.descripcion,sd11_0.documentacion_tecnica,sd11_0.fecha_solicitud,sd11_0.nombre_solicitante,sd11_0.tipo_de_producto,sd11_0.tipo_de_registro,t12_0.id_tramite,acdt12_0.id_archivo_control_de_tramites,acdt12_0.estado_tramite,acdt12_0.fecha_creacion,acdt12_0.historial_de_modificaciones,ar12_0.id_asunto_regulatorio,ar12_0.estado_asunto,ar12_0.fecha_asunto,ar12_0.responsable,esi12_0.id_entidad,esi12_0.comentarios,esi12_0.fecha_radicacion,esi12_0.resultado_tramite,t13_0.id_tramite,acdt13_0.id_archivo_control_de_tramites,acdt13_0.estado_tramite,acdt13_0.fecha_creacion,acdt13_0.historial_de_modificaciones,ar13_0.id_asunto_regulatorio,ar13_0.estado_asunto,ar13_0.fecha_asunto,ar13_0.responsable,t13_0.id_entidad,t13_0.estado_tramite,t13_0.fecha_id,f12_0.fecha_id,f12_0.año,f12_0.dia,f12_0.mes,t13_0.fecha_ejecucion,t13_0.fecha_radicacion,t13_0.numero_registro,t13_0.observaciones,t13_0.plazo_respuesta,st12_0.id_seguimiento,st12_0.acciones_realizadas,st12_0.estado_actual,st12_0.fecha_seguimiento,st12_0.observaciones,t14_0.id_tramite,acdt14_0.id_archivo_control_de_tramites,acdt14_0.estado_tramite,acdt14_0.fecha_creacion,acdt14_0.historial_de_modificaciones,ar14_0.id_asunto_regulatorio,ar14_0.estado_asunto,ar14_0.fecha_asunto,ar14_0.responsable,t14_0.id_entidad,t14_0.estado_tramite,t14_0.fecha_id,f13_0.fecha_id,f13_0.año,f13_0.dia,f13_0.mes,t14_0.fecha_ejecucion,t14_0.fecha_radicacion,t14_0.numero_registro,t14_0.observaciones,t14_0.plazo_respuesta,t14_0.id_seguimiento,t14_0.id_solicitud,t14_0.tipo_tramite,t14_0.usuario_id,u11_0.id,u11_0.contraseña,u11_0.correo,u11_0.credencial,u11_0.rol,t13_0.id_solicitud,t13_0.tipo_tramite,t13_0.usuario_id,u12_0.id,u12_0.contraseña,u12_0.correo,u12_0.credencial,u12_0.rol,t12_0.estado_tramite,t12_0.fecha_id,f14_0.fecha_id,f14_0.año,f14_0.dia,f14_0.mes,t12_0.fecha_ejecucion,t12_0.fecha_radicacion,t12_0.numero_registro,t12_0.observaciones,t12_0.plazo_respuesta,st14_0.id_seguimiento,st14_0.acciones_realizadas,st14_0.estado_actual,st14_0.fecha_seguimiento,st14_0.observaciones,t15_0.id_tramite,acdt15_0.id_archivo_control_de_tramites,acdt15_0.estado_tramite,acdt15_0.fecha_creacion,acdt15_0.historial_de_modificaciones,ar15_0.id_asunto_regulatorio,ar15_0.estado_asunto,ar15_0.fecha_asunto,ar15_0.responsable,esi15_0.id_entidad,esi15_0.comentarios,esi15_0.fecha_radicacion,esi15_0.resultado_tramite,t16_0.id_tramite,acdt16_0.id_archivo_control_de_tramites,acdt16_0.estado_tramite,acdt16_0.fecha_creacion,acdt16_0.historial_de_modificaciones,ar16_0.id_asunto_regulatorio,ar16_0.estado_asunto,ar16_0.fecha_asunto,ar16_0.responsable,t16_0.id_entidad,t16_0.estado_tramite,t16_0.fecha_id,f15_0.fecha_id,f15_0.año,f15_0.dia,f15_0.mes,t16_0.fecha_ejecucion,t16_0.fecha_radicacion,t16_0.numero_registro,t16_0.observaciones,t16_0.plazo_respuesta,t16_0.id_seguimiento,t16_0.id_solicitud,t16_0.tipo_tramite,t16_0.usuario_id,u13_0.id,u13_0.contraseña,u13_0.correo,u13_0.credencial,u13_0.rol,t15_0.estado_tramite,t15_0.fecha_id,f16_0.fecha_id,f16_0.año,f16_0.dia,f16_0.mes,t15_0.fecha_ejecucion,t15_0.fecha_radicacion,t15_0.numero_registro,t15_0.observaciones,t15_0.plazo_respuesta,t15_0.id_seguimiento,t15_0.id_solicitud,t15_0.tipo_tramite,t15_0.usuario_id,u14_0.id,u14_0.contraseña,u14_0.correo,u14_0.credencial,u14_0.rol,t12_0.id_solicitud,t12_0.tipo_tramite,t12_0.usuario_id,u15_0.id,u15_0.contraseña,u15_0.correo,u15_0.credencial,u15_0.rol,t1_0.tipo_tramite,t1_0.usuario_id,u16_0.id,u16_0.contraseña,u16_0.correo,u16_0.credencial,u16_0.rol from tramite t1_0 left join archivo_control_de_tramites acdt1_0 on acdt1_0.id_archivo_control_de_tramites=t1_0.id_archivo_control_de_tramites left join asunto_regulatorio ar1_0 on ar1_0.id_asunto_regulatorio=t1_0.id_asunto_regulatorio left join entidad_sanitariainvima esi1_0 on esi1_0.id_entidad=t1_0.id_entidad left join tramite t2_0 on t2_0.id_tramite=esi1_0.id_tramite left join archivo_control_de_tramites acdt2_0 on acdt2_0.id_archivo_control_de_tramites=t2_0.id_archivo_control_de_tramites left join asunto_regulatorio ar2_0 on ar2_0.id_asunto_regulatorio=t2_0.id_asunto_regulatorio left join fecha f1_0 on f1_0.fecha_id=t2_0.fecha_id left join seguimiento_tramite st1_0 on st1_0.id_seguimiento=t2_0.id_seguimiento left join tramite t3_0 on t3_0.id_tramite=st1_0.id_tramite left join archivo_control_de_tramites acdt3_0 on acdt3_0.id_archivo_control_de_tramites=t3_0.id_archivo_control_de_tramites left join asunto_regulatorio ar3_0 on ar3_0.id_asunto_regulatorio=t3_0.id_asunto_regulatorio left join fecha f2_0 on f2_0.fecha_id=t3_0.fecha_id left join solicituddei sd1_0 on sd1_0.id_solicitud=t3_0.id_solicitud left join tramite t4_0 on t4_0.id_tramite=sd1_0.tramite_id left join archivo_control_de_tramites acdt4_0 on acdt4_0.id_archivo_control_de_tramites=t4_0.id_archivo_control_de_tramites left join asunto_regulatorio ar4_0 on ar4_0.id_asunto_regulatorio=t4_0.id_asunto_regulatorio left join fecha f3_0 on f3_0.fecha_id=t4_0.fecha_id left join usuario u1_0 on u1_0.id=t4_0.usuario_id left join usuario u2_0 on u2_0.id=t3_0.usuario_id left join solicituddei sd3_0 on sd3_0.id_solicitud=t2_0.id_solicitud left join tramite t5_0 on t5_0.id_tramite=sd3_0.tramite_id left join archivo_control_de_tramites acdt5_0 on acdt5_0.id_archivo_control_de_tramites=t5_0.id_archivo_control_de_tramites left join asunto_regulatorio ar5_0 on ar5_0.id_asunto_regulatorio=t5_0.id_asunto_regulatorio left join fecha f4_0 on f4_0.fecha_id=t5_0.fecha_id left join seguimiento_tramite st4_0 on st4_0.id_seguimiento=t5_0.id_seguimiento left join tramite t6_0 on t6_0.id_tramite=st4_0.id_tramite left join archivo_control_de_tramites acdt6_0 on acdt6_0.id_archivo_control_de_tramites=t6_0.id_archivo_control_de_tramites left join asunto_regulatorio ar6_0 on ar6_0.id_asunto_regulatorio=t6_0.id_asunto_regulatorio left join fecha f5_0 on f5_0.fecha_id=t6_0.fecha_id left join usuario u3_0 on u3_0.id=t6_0.usuario_id left join usuario u4_0 on u4_0.id=t5_0.usuario_id left join usuario u5_0 on u5_0.id=t2_0.usuario_id join fecha f6_0 on f6_0.fecha_id=t1_0.fecha_id left join seguimiento_tramite st6_0 on st6_0.id_seguimiento=t1_0.id_seguimiento left join tramite t7_0 on t7_0.id_tramite=st6_0.id_tramite left join archivo_control_de_tramites acdt7_0 on acdt7_0.id_archivo_control_de_tramites=t7_0.id_archivo_control_de_tramites left join asunto_regulatorio ar7_0 on ar7_0.id_asunto_regulatorio=t7_0.id_asunto_regulatorio left join entidad_sanitariainvima esi7_0 on esi7_0.id_entidad=t7_0.id_entidad left join tramite t8_0 on t8_0.id_tramite=esi7_0.id_tramite left join archivo_control_de_tramites acdt8_0 on acdt8_0.id_archivo_control_de_tramites=t8_0.id_archivo_control_de_tramites left join asunto_regulatorio ar8_0 on ar8_0.id_asunto_regulatorio=t8_0.id_asunto_regulatorio left join fecha f7_0 on f7_0.fecha_id=t8_0.fecha_id left join solicituddei sd6_0 on sd6_0.id_solicitud=t8_0.id_solicitud left join tramite t9_0 on t9_0.id_tramite=sd6_0.tramite_id left join archivo_control_de_tramites acdt9_0 on acdt9_0.id_archivo_control_de_tramites=t9_0.id_archivo_control_de_tramites left join asunto_regulatorio ar9_0 on ar9_0.id_asunto_regulatorio=t9_0.id_asunto_regulatorio left join fecha f8_0 on f8_0.fecha_id=t9_0.fecha_id left join usuario u6_0 on u6_0.id=t9_0.usuario_id left join usuario u7_0 on u7_0.id=t8_0.usuario_id left join fecha f9_0 on f9_0.fecha_id=t7_0.fecha_id left join solicituddei sd8_0 on sd8_0.id_solicitud=t7_0.id_solicitud left join tramite t10_0 on t10_0.id_tramite=sd8_0.tramite_id left join archivo_control_de_tramites acdt10_0 on acdt10_0.id_archivo_control_de_tramites=t10_0.id_archivo_control_de_tramites left join asunto_regulatorio ar10_0 on ar10_0.id_asunto_regulatorio=t10_0.id_asunto_regulatorio left join entidad_sanitariainvima esi10_0 on esi10_0.id_entidad=t10_0.id_entidad left join tramite t11_0 on t11_0.id_tramite=esi10_0.id_tramite left join archivo_control_de_tramites acdt11_0 on acdt11_0.id_archivo_control_de_tramites=t11_0.id_archivo_control_de_tramites left join asunto_regulatorio ar11_0 on ar11_0.id_asunto_regulatorio=t11_0.id_asunto_regulatorio left join fecha f10_0 on f10_0.fecha_id=t11_0.fecha_id left join usuario u8_0 on u8_0.id=t11_0.usuario_id left join fecha f11_0 on f11_0.fecha_id=t10_0.fecha_id left join usuario u9_0 on u9_0.id=t10_0.usuario_id left join usuario u10_0 on u10_0.id=t7_0.usuario_id left join solicituddei sd11_0 on sd11_0.id_solicitud=t1_0.id_solicitud left join tramite t12_0 on t12_0.id_tramite=sd11_0.tramite_id left join archivo_control_de_tramites acdt12_0 on acdt12_0.id_archivo_control_de_tramites=t12_0.id_archivo_control_de_tramites left join asunto_regulatorio ar12_0 on ar12_0.id_asunto_regulatorio=t12_0.id_asunto_regulatorio left join entidad_sanitariainvima esi12_0 on esi12_0.id_entidad=t12_0.id_entidad left join tramite t13_0 on t13_0.id_tramite=esi12_0.id_tramite left join archivo_control_de_tramites acdt13_0 on acdt13_0.id_archivo_control_de_tramites=t13_0.id_archivo_control_de_tramites left join asunto_regulatorio ar13_0 on ar13_0.id_asunto_regulatorio=t13_0.id_asunto_regulatorio left join fecha f12_0 on f12_0.fecha_id=t13_0.fecha_id left join seguimiento_tramite st12_0 on st12_0.id_seguimiento=t13_0.id_seguimiento left join tramite t14_0 on t14_0.id_tramite=st12_0.id_tramite left join archivo_control_de_tramites acdt14_0 on acdt14_0.id_archivo_control_de_tramites=t14_0.id_archivo_control_de_tramites left join asunto_regulatorio ar14_0 on ar14_0.id_asunto_regulatorio=t14_0.id_asunto_regulatorio left join fecha f13_0 on f13_0.fecha_id=t14_0.fecha_id left join usuario u11_0 on u11_0.id=t14_0.usuario_id left join usuario u12_0 on u12_0.id=t13_0.usuario_id left join fecha f14_0 on f14_0.fecha_id=t12_0.fecha_id left join seguimiento_tramite st14_0 on st14_0.id_seguimiento=t12_0.id_seguimiento left join tramite t15_0 on t15_0.id_tramite=st14_0.id_tramite left join archivo_control_de_tramites acdt15_0 on acdt15_0.id_archivo_control_de_tramites=t15_0.id_archivo_control_de_tramites left join asunto_regulatorio ar15_0 on ar15_0.id_asunto_regulatorio=t15_0.id_asunto_regulatorio left join entidad_sanitariainvima esi15_0 on esi15_0.id_entidad=t15_0.id_entidad left join tramite t16_0 on t16_0.id_tramite=esi15_0.id_tramite left join archivo_control_de_tramites acdt16_0 on acdt16_0.id_archivo_control_de_tramites=t16_0.id_archivo_control_de_tramites left join asunto_regulatorio ar16_0 on ar16_0.id_asunto_regulatorio=t16_0.id_asunto_regulatorio left join fecha f15_0 on f15_0.fecha_id=t16_0.fecha_id left join usuario u13_0 on u13_0.id=t16_0.usuario_id left join fecha f16_0 on f16_0.fecha_id=t15_0.fecha_id left join usuario u14_0 on u14_0.id=t15_0.usuario_id left join usuario u15_0 on u15_0.id=t12_0.usuario_id join usuario u16_0 on u16_0.id=t1_0.usuario_id where t1_0.id_tramite=?

MockHttpServletRequest:
      HTTP Method = GET
      Request URI = /api/tramites/1
       Parameters = {}
          Headers = []
             Body = null
    Session Attrs = {}

Handler:
             Type = com.example.colombina.controlador.TramiteController
           Method = com.example.colombina.controlador.TramiteController#obtenerTramitePorId(Long)

Async:
    Async started = false
     Async result = null

Resolved Exception:
             Type = null

ModelAndView:
        View name = null
             View = null
            Model = null

FlashMap:
       Attributes = null

MockHttpServletResponse:
           Status = 404
    Error message = null
          Headers = []
     Content type = null
             Body = 
    Forwarded URL = null
   Redirected URL = null
          Cookies = []
]]></system-out>
  </testcase>
  <testcase name="actualizarTramite_Devuelve200_CuandoSeActualizaConExito" classname="com.example.colombina.controlador.TramiteControllerIntegrationTest" time="0.295">
    <failure message="Status expected:&lt;200&gt; but was:&lt;404&gt;" type="java.lang.AssertionError"><![CDATA[java.lang.AssertionError: Status expected:<200> but was:<404>
	at org.springframework.test.util.AssertionErrors.fail(AssertionErrors.java:59)
	at org.springframework.test.util.AssertionErrors.assertEquals(AssertionErrors.java:122)
	at org.springframework.test.web.servlet.result.StatusResultMatchers.lambda$matcher$9(StatusResultMatchers.java:637)
	at org.springframework.test.web.servlet.MockMvc$1.andExpect(MockMvc.java:214)
	at com.example.colombina.controlador.TramiteControllerIntegrationTest.actualizarTramite_Devuelve200_CuandoSeActualizaConExito(TramiteControllerIntegrationTest.java:94)
	at java.base/java.lang.reflect.Method.invoke(Method.java:580)
	at java.base/java.util.ArrayList.forEach(ArrayList.java:1597)
	at java.base/java.util.ArrayList.forEach(ArrayList.java:1597)
]]></failure>
    <system-out><![CDATA[2024-10-22T20:48:25.196-05:00 DEBUG 22836 --- [colombina] [           main] org.hibernate.SQL                        : select t1_0.id_tramite,acdt1_0.id_archivo_control_de_tramites,acdt1_0.estado_tramite,acdt1_0.fecha_creacion,acdt1_0.historial_de_modificaciones,ar1_0.id_asunto_regulatorio,ar1_0.estado_asunto,ar1_0.fecha_asunto,ar1_0.responsable,esi1_0.id_entidad,esi1_0.comentarios,esi1_0.fecha_radicacion,esi1_0.resultado_tramite,t2_0.id_tramite,acdt2_0.id_archivo_control_de_tramites,acdt2_0.estado_tramite,acdt2_0.fecha_creacion,acdt2_0.historial_de_modificaciones,ar2_0.id_asunto_regulatorio,ar2_0.estado_asunto,ar2_0.fecha_asunto,ar2_0.responsable,t2_0.id_entidad,t2_0.estado_tramite,t2_0.fecha_id,f1_0.fecha_id,f1_0.año,f1_0.dia,f1_0.mes,t2_0.fecha_ejecucion,t2_0.fecha_radicacion,t2_0.numero_registro,t2_0.observaciones,t2_0.plazo_respuesta,st1_0.id_seguimiento,st1_0.acciones_realizadas,st1_0.estado_actual,st1_0.fecha_seguimiento,st1_0.observaciones,t3_0.id_tramite,acdt3_0.id_archivo_control_de_tramites,acdt3_0.estado_tramite,acdt3_0.fecha_creacion,acdt3_0.historial_de_modificaciones,ar3_0.id_asunto_regulatorio,ar3_0.estado_asunto,ar3_0.fecha_asunto,ar3_0.responsable,t3_0.id_entidad,t3_0.estado_tramite,t3_0.fecha_id,f2_0.fecha_id,f2_0.año,f2_0.dia,f2_0.mes,t3_0.fecha_ejecucion,t3_0.fecha_radicacion,t3_0.numero_registro,t3_0.observaciones,t3_0.plazo_respuesta,t3_0.id_seguimiento,sd1_0.id_solicitud,sd1_0.descripcion,sd1_0.documentacion_tecnica,sd1_0.fecha_solicitud,sd1_0.nombre_solicitante,sd1_0.tipo_de_producto,sd1_0.tipo_de_registro,t4_0.id_tramite,acdt4_0.id_archivo_control_de_tramites,acdt4_0.estado_tramite,acdt4_0.fecha_creacion,acdt4_0.historial_de_modificaciones,ar4_0.id_asunto_regulatorio,ar4_0.estado_asunto,ar4_0.fecha_asunto,ar4_0.responsable,t4_0.id_entidad,t4_0.estado_tramite,t4_0.fecha_id,f3_0.fecha_id,f3_0.año,f3_0.dia,f3_0.mes,t4_0.fecha_ejecucion,t4_0.fecha_radicacion,t4_0.numero_registro,t4_0.observaciones,t4_0.plazo_respuesta,t4_0.id_seguimiento,t4_0.id_solicitud,t4_0.tipo_tramite,t4_0.usuario_id,u1_0.id,u1_0.contraseña,u1_0.correo,u1_0.credencial,u1_0.rol,t3_0.tipo_tramite,t3_0.usuario_id,u2_0.id,u2_0.contraseña,u2_0.correo,u2_0.credencial,u2_0.rol,sd3_0.id_solicitud,sd3_0.descripcion,sd3_0.documentacion_tecnica,sd3_0.fecha_solicitud,sd3_0.nombre_solicitante,sd3_0.tipo_de_producto,sd3_0.tipo_de_registro,t5_0.id_tramite,acdt5_0.id_archivo_control_de_tramites,acdt5_0.estado_tramite,acdt5_0.fecha_creacion,acdt5_0.historial_de_modificaciones,ar5_0.id_asunto_regulatorio,ar5_0.estado_asunto,ar5_0.fecha_asunto,ar5_0.responsable,t5_0.id_entidad,t5_0.estado_tramite,t5_0.fecha_id,f4_0.fecha_id,f4_0.año,f4_0.dia,f4_0.mes,t5_0.fecha_ejecucion,t5_0.fecha_radicacion,t5_0.numero_registro,t5_0.observaciones,t5_0.plazo_respuesta,st4_0.id_seguimiento,st4_0.acciones_realizadas,st4_0.estado_actual,st4_0.fecha_seguimiento,st4_0.observaciones,t6_0.id_tramite,acdt6_0.id_archivo_control_de_tramites,acdt6_0.estado_tramite,acdt6_0.fecha_creacion,acdt6_0.historial_de_modificaciones,ar6_0.id_asunto_regulatorio,ar6_0.estado_asunto,ar6_0.fecha_asunto,ar6_0.responsable,t6_0.id_entidad,t6_0.estado_tramite,t6_0.fecha_id,f5_0.fecha_id,f5_0.año,f5_0.dia,f5_0.mes,t6_0.fecha_ejecucion,t6_0.fecha_radicacion,t6_0.numero_registro,t6_0.observaciones,t6_0.plazo_respuesta,t6_0.id_seguimiento,t6_0.id_solicitud,t6_0.tipo_tramite,t6_0.usuario_id,u3_0.id,u3_0.contraseña,u3_0.correo,u3_0.credencial,u3_0.rol,t5_0.id_solicitud,t5_0.tipo_tramite,t5_0.usuario_id,u4_0.id,u4_0.contraseña,u4_0.correo,u4_0.credencial,u4_0.rol,t2_0.tipo_tramite,t2_0.usuario_id,u5_0.id,u5_0.contraseña,u5_0.correo,u5_0.credencial,u5_0.rol,t1_0.estado_tramite,t1_0.fecha_id,f6_0.fecha_id,f6_0.año,f6_0.dia,f6_0.mes,t1_0.fecha_ejecucion,t1_0.fecha_radicacion,t1_0.numero_registro,t1_0.observaciones,t1_0.plazo_respuesta,st6_0.id_seguimiento,st6_0.acciones_realizadas,st6_0.estado_actual,st6_0.fecha_seguimiento,st6_0.observaciones,t7_0.id_tramite,acdt7_0.id_archivo_control_de_tramites,acdt7_0.estado_tramite,acdt7_0.fecha_creacion,acdt7_0.historial_de_modificaciones,ar7_0.id_asunto_regulatorio,ar7_0.estado_asunto,ar7_0.fecha_asunto,ar7_0.responsable,esi7_0.id_entidad,esi7_0.comentarios,esi7_0.fecha_radicacion,esi7_0.resultado_tramite,t8_0.id_tramite,acdt8_0.id_archivo_control_de_tramites,acdt8_0.estado_tramite,acdt8_0.fecha_creacion,acdt8_0.historial_de_modificaciones,ar8_0.id_asunto_regulatorio,ar8_0.estado_asunto,ar8_0.fecha_asunto,ar8_0.responsable,t8_0.id_entidad,t8_0.estado_tramite,t8_0.fecha_id,f7_0.fecha_id,f7_0.año,f7_0.dia,f7_0.mes,t8_0.fecha_ejecucion,t8_0.fecha_radicacion,t8_0.numero_registro,t8_0.observaciones,t8_0.plazo_respuesta,t8_0.id_seguimiento,sd6_0.id_solicitud,sd6_0.descripcion,sd6_0.documentacion_tecnica,sd6_0.fecha_solicitud,sd6_0.nombre_solicitante,sd6_0.tipo_de_producto,sd6_0.tipo_de_registro,t9_0.id_tramite,acdt9_0.id_archivo_control_de_tramites,acdt9_0.estado_tramite,acdt9_0.fecha_creacion,acdt9_0.historial_de_modificaciones,ar9_0.id_asunto_regulatorio,ar9_0.estado_asunto,ar9_0.fecha_asunto,ar9_0.responsable,t9_0.id_entidad,t9_0.estado_tramite,t9_0.fecha_id,f8_0.fecha_id,f8_0.año,f8_0.dia,f8_0.mes,t9_0.fecha_ejecucion,t9_0.fecha_radicacion,t9_0.numero_registro,t9_0.observaciones,t9_0.plazo_respuesta,t9_0.id_seguimiento,t9_0.id_solicitud,t9_0.tipo_tramite,t9_0.usuario_id,u6_0.id,u6_0.contraseña,u6_0.correo,u6_0.credencial,u6_0.rol,t8_0.tipo_tramite,t8_0.usuario_id,u7_0.id,u7_0.contraseña,u7_0.correo,u7_0.credencial,u7_0.rol,t7_0.estado_tramite,t7_0.fecha_id,f9_0.fecha_id,f9_0.año,f9_0.dia,f9_0.mes,t7_0.fecha_ejecucion,t7_0.fecha_radicacion,t7_0.numero_registro,t7_0.observaciones,t7_0.plazo_respuesta,t7_0.id_seguimiento,sd8_0.id_solicitud,sd8_0.descripcion,sd8_0.documentacion_tecnica,sd8_0.fecha_solicitud,sd8_0.nombre_solicitante,sd8_0.tipo_de_producto,sd8_0.tipo_de_registro,t10_0.id_tramite,acdt10_0.id_archivo_control_de_tramites,acdt10_0.estado_tramite,acdt10_0.fecha_creacion,acdt10_0.historial_de_modificaciones,ar10_0.id_asunto_regulatorio,ar10_0.estado_asunto,ar10_0.fecha_asunto,ar10_0.responsable,esi10_0.id_entidad,esi10_0.comentarios,esi10_0.fecha_radicacion,esi10_0.resultado_tramite,t11_0.id_tramite,acdt11_0.id_archivo_control_de_tramites,acdt11_0.estado_tramite,acdt11_0.fecha_creacion,acdt11_0.historial_de_modificaciones,ar11_0.id_asunto_regulatorio,ar11_0.estado_asunto,ar11_0.fecha_asunto,ar11_0.responsable,t11_0.id_entidad,t11_0.estado_tramite,t11_0.fecha_id,f10_0.fecha_id,f10_0.año,f10_0.dia,f10_0.mes,t11_0.fecha_ejecucion,t11_0.fecha_radicacion,t11_0.numero_registro,t11_0.observaciones,t11_0.plazo_respuesta,t11_0.id_seguimiento,t11_0.id_solicitud,t11_0.tipo_tramite,t11_0.usuario_id,u8_0.id,u8_0.contraseña,u8_0.correo,u8_0.credencial,u8_0.rol,t10_0.estado_tramite,t10_0.fecha_id,f11_0.fecha_id,f11_0.año,f11_0.dia,f11_0.mes,t10_0.fecha_ejecucion,t10_0.fecha_radicacion,t10_0.numero_registro,t10_0.observaciones,t10_0.plazo_respuesta,t10_0.id_seguimiento,t10_0.id_solicitud,t10_0.tipo_tramite,t10_0.usuario_id,u9_0.id,u9_0.contraseña,u9_0.correo,u9_0.credencial,u9_0.rol,t7_0.tipo_tramite,t7_0.usuario_id,u10_0.id,u10_0.contraseña,u10_0.correo,u10_0.credencial,u10_0.rol,sd11_0.id_solicitud,sd11_0.descripcion,sd11_0.documentacion_tecnica,sd11_0.fecha_solicitud,sd11_0.nombre_solicitante,sd11_0.tipo_de_producto,sd11_0.tipo_de_registro,t12_0.id_tramite,acdt12_0.id_archivo_control_de_tramites,acdt12_0.estado_tramite,acdt12_0.fecha_creacion,acdt12_0.historial_de_modificaciones,ar12_0.id_asunto_regulatorio,ar12_0.estado_asunto,ar12_0.fecha_asunto,ar12_0.responsable,esi12_0.id_entidad,esi12_0.comentarios,esi12_0.fecha_radicacion,esi12_0.resultado_tramite,t13_0.id_tramite,acdt13_0.id_archivo_control_de_tramites,acdt13_0.estado_tramite,acdt13_0.fecha_creacion,acdt13_0.historial_de_modificaciones,ar13_0.id_asunto_regulatorio,ar13_0.estado_asunto,ar13_0.fecha_asunto,ar13_0.responsable,t13_0.id_entidad,t13_0.estado_tramite,t13_0.fecha_id,f12_0.fecha_id,f12_0.año,f12_0.dia,f12_0.mes,t13_0.fecha_ejecucion,t13_0.fecha_radicacion,t13_0.numero_registro,t13_0.observaciones,t13_0.plazo_respuesta,st12_0.id_seguimiento,st12_0.acciones_realizadas,st12_0.estado_actual,st12_0.fecha_seguimiento,st12_0.observaciones,t14_0.id_tramite,acdt14_0.id_archivo_control_de_tramites,acdt14_0.estado_tramite,acdt14_0.fecha_creacion,acdt14_0.historial_de_modificaciones,ar14_0.id_asunto_regulatorio,ar14_0.estado_asunto,ar14_0.fecha_asunto,ar14_0.responsable,t14_0.id_entidad,t14_0.estado_tramite,t14_0.fecha_id,f13_0.fecha_id,f13_0.año,f13_0.dia,f13_0.mes,t14_0.fecha_ejecucion,t14_0.fecha_radicacion,t14_0.numero_registro,t14_0.observaciones,t14_0.plazo_respuesta,t14_0.id_seguimiento,t14_0.id_solicitud,t14_0.tipo_tramite,t14_0.usuario_id,u11_0.id,u11_0.contraseña,u11_0.correo,u11_0.credencial,u11_0.rol,t13_0.id_solicitud,t13_0.tipo_tramite,t13_0.usuario_id,u12_0.id,u12_0.contraseña,u12_0.correo,u12_0.credencial,u12_0.rol,t12_0.estado_tramite,t12_0.fecha_id,f14_0.fecha_id,f14_0.año,f14_0.dia,f14_0.mes,t12_0.fecha_ejecucion,t12_0.fecha_radicacion,t12_0.numero_registro,t12_0.observaciones,t12_0.plazo_respuesta,st14_0.id_seguimiento,st14_0.acciones_realizadas,st14_0.estado_actual,st14_0.fecha_seguimiento,st14_0.observaciones,t15_0.id_tramite,acdt15_0.id_archivo_control_de_tramites,acdt15_0.estado_tramite,acdt15_0.fecha_creacion,acdt15_0.historial_de_modificaciones,ar15_0.id_asunto_regulatorio,ar15_0.estado_asunto,ar15_0.fecha_asunto,ar15_0.responsable,esi15_0.id_entidad,esi15_0.comentarios,esi15_0.fecha_radicacion,esi15_0.resultado_tramite,t16_0.id_tramite,acdt16_0.id_archivo_control_de_tramites,acdt16_0.estado_tramite,acdt16_0.fecha_creacion,acdt16_0.historial_de_modificaciones,ar16_0.id_asunto_regulatorio,ar16_0.estado_asunto,ar16_0.fecha_asunto,ar16_0.responsable,t16_0.id_entidad,t16_0.estado_tramite,t16_0.fecha_id,f15_0.fecha_id,f15_0.año,f15_0.dia,f15_0.mes,t16_0.fecha_ejecucion,t16_0.fecha_radicacion,t16_0.numero_registro,t16_0.observaciones,t16_0.plazo_respuesta,t16_0.id_seguimiento,t16_0.id_solicitud,t16_0.tipo_tramite,t16_0.usuario_id,u13_0.id,u13_0.contraseña,u13_0.correo,u13_0.credencial,u13_0.rol,t15_0.estado_tramite,t15_0.fecha_id,f16_0.fecha_id,f16_0.año,f16_0.dia,f16_0.mes,t15_0.fecha_ejecucion,t15_0.fecha_radicacion,t15_0.numero_registro,t15_0.observaciones,t15_0.plazo_respuesta,t15_0.id_seguimiento,t15_0.id_solicitud,t15_0.tipo_tramite,t15_0.usuario_id,u14_0.id,u14_0.contraseña,u14_0.correo,u14_0.credencial,u14_0.rol,t12_0.id_solicitud,t12_0.tipo_tramite,t12_0.usuario_id,u15_0.id,u15_0.contraseña,u15_0.correo,u15_0.credencial,u15_0.rol,t1_0.tipo_tramite,t1_0.usuario_id,u16_0.id,u16_0.contraseña,u16_0.correo,u16_0.credencial,u16_0.rol from tramite t1_0 left join archivo_control_de_tramites acdt1_0 on acdt1_0.id_archivo_control_de_tramites=t1_0.id_archivo_control_de_tramites left join asunto_regulatorio ar1_0 on ar1_0.id_asunto_regulatorio=t1_0.id_asunto_regulatorio left join entidad_sanitariainvima esi1_0 on esi1_0.id_entidad=t1_0.id_entidad left join tramite t2_0 on t2_0.id_tramite=esi1_0.id_tramite left join archivo_control_de_tramites acdt2_0 on acdt2_0.id_archivo_control_de_tramites=t2_0.id_archivo_control_de_tramites left join asunto_regulatorio ar2_0 on ar2_0.id_asunto_regulatorio=t2_0.id_asunto_regulatorio left join fecha f1_0 on f1_0.fecha_id=t2_0.fecha_id left join seguimiento_tramite st1_0 on st1_0.id_seguimiento=t2_0.id_seguimiento left join tramite t3_0 on t3_0.id_tramite=st1_0.id_tramite left join archivo_control_de_tramites acdt3_0 on acdt3_0.id_archivo_control_de_tramites=t3_0.id_archivo_control_de_tramites left join asunto_regulatorio ar3_0 on ar3_0.id_asunto_regulatorio=t3_0.id_asunto_regulatorio left join fecha f2_0 on f2_0.fecha_id=t3_0.fecha_id left join solicituddei sd1_0 on sd1_0.id_solicitud=t3_0.id_solicitud left join tramite t4_0 on t4_0.id_tramite=sd1_0.tramite_id left join archivo_control_de_tramites acdt4_0 on acdt4_0.id_archivo_control_de_tramites=t4_0.id_archivo_control_de_tramites left join asunto_regulatorio ar4_0 on ar4_0.id_asunto_regulatorio=t4_0.id_asunto_regulatorio left join fecha f3_0 on f3_0.fecha_id=t4_0.fecha_id left join usuario u1_0 on u1_0.id=t4_0.usuario_id left join usuario u2_0 on u2_0.id=t3_0.usuario_id left join solicituddei sd3_0 on sd3_0.id_solicitud=t2_0.id_solicitud left join tramite t5_0 on t5_0.id_tramite=sd3_0.tramite_id left join archivo_control_de_tramites acdt5_0 on acdt5_0.id_archivo_control_de_tramites=t5_0.id_archivo_control_de_tramites left join asunto_regulatorio ar5_0 on ar5_0.id_asunto_regulatorio=t5_0.id_asunto_regulatorio left join fecha f4_0 on f4_0.fecha_id=t5_0.fecha_id left join seguimiento_tramite st4_0 on st4_0.id_seguimiento=t5_0.id_seguimiento left join tramite t6_0 on t6_0.id_tramite=st4_0.id_tramite left join archivo_control_de_tramites acdt6_0 on acdt6_0.id_archivo_control_de_tramites=t6_0.id_archivo_control_de_tramites left join asunto_regulatorio ar6_0 on ar6_0.id_asunto_regulatorio=t6_0.id_asunto_regulatorio left join fecha f5_0 on f5_0.fecha_id=t6_0.fecha_id left join usuario u3_0 on u3_0.id=t6_0.usuario_id left join usuario u4_0 on u4_0.id=t5_0.usuario_id left join usuario u5_0 on u5_0.id=t2_0.usuario_id join fecha f6_0 on f6_0.fecha_id=t1_0.fecha_id left join seguimiento_tramite st6_0 on st6_0.id_seguimiento=t1_0.id_seguimiento left join tramite t7_0 on t7_0.id_tramite=st6_0.id_tramite left join archivo_control_de_tramites acdt7_0 on acdt7_0.id_archivo_control_de_tramites=t7_0.id_archivo_control_de_tramites left join asunto_regulatorio ar7_0 on ar7_0.id_asunto_regulatorio=t7_0.id_asunto_regulatorio left join entidad_sanitariainvima esi7_0 on esi7_0.id_entidad=t7_0.id_entidad left join tramite t8_0 on t8_0.id_tramite=esi7_0.id_tramite left join archivo_control_de_tramites acdt8_0 on acdt8_0.id_archivo_control_de_tramites=t8_0.id_archivo_control_de_tramites left join asunto_regulatorio ar8_0 on ar8_0.id_asunto_regulatorio=t8_0.id_asunto_regulatorio left join fecha f7_0 on f7_0.fecha_id=t8_0.fecha_id left join solicituddei sd6_0 on sd6_0.id_solicitud=t8_0.id_solicitud left join tramite t9_0 on t9_0.id_tramite=sd6_0.tramite_id left join archivo_control_de_tramites acdt9_0 on acdt9_0.id_archivo_control_de_tramites=t9_0.id_archivo_control_de_tramites left join asunto_regulatorio ar9_0 on ar9_0.id_asunto_regulatorio=t9_0.id_asunto_regulatorio left join fecha f8_0 on f8_0.fecha_id=t9_0.fecha_id left join usuario u6_0 on u6_0.id=t9_0.usuario_id left join usuario u7_0 on u7_0.id=t8_0.usuario_id left join fecha f9_0 on f9_0.fecha_id=t7_0.fecha_id left join solicituddei sd8_0 on sd8_0.id_solicitud=t7_0.id_solicitud left join tramite t10_0 on t10_0.id_tramite=sd8_0.tramite_id left join archivo_control_de_tramites acdt10_0 on acdt10_0.id_archivo_control_de_tramites=t10_0.id_archivo_control_de_tramites left join asunto_regulatorio ar10_0 on ar10_0.id_asunto_regulatorio=t10_0.id_asunto_regulatorio left join entidad_sanitariainvima esi10_0 on esi10_0.id_entidad=t10_0.id_entidad left join tramite t11_0 on t11_0.id_tramite=esi10_0.id_tramite left join archivo_control_de_tramites acdt11_0 on acdt11_0.id_archivo_control_de_tramites=t11_0.id_archivo_control_de_tramites left join asunto_regulatorio ar11_0 on ar11_0.id_asunto_regulatorio=t11_0.id_asunto_regulatorio left join fecha f10_0 on f10_0.fecha_id=t11_0.fecha_id left join usuario u8_0 on u8_0.id=t11_0.usuario_id left join fecha f11_0 on f11_0.fecha_id=t10_0.fecha_id left join usuario u9_0 on u9_0.id=t10_0.usuario_id left join usuario u10_0 on u10_0.id=t7_0.usuario_id left join solicituddei sd11_0 on sd11_0.id_solicitud=t1_0.id_solicitud left join tramite t12_0 on t12_0.id_tramite=sd11_0.tramite_id left join archivo_control_de_tramites acdt12_0 on acdt12_0.id_archivo_control_de_tramites=t12_0.id_archivo_control_de_tramites left join asunto_regulatorio ar12_0 on ar12_0.id_asunto_regulatorio=t12_0.id_asunto_regulatorio left join entidad_sanitariainvima esi12_0 on esi12_0.id_entidad=t12_0.id_entidad left join tramite t13_0 on t13_0.id_tramite=esi12_0.id_tramite left join archivo_control_de_tramites acdt13_0 on acdt13_0.id_archivo_control_de_tramites=t13_0.id_archivo_control_de_tramites left join asunto_regulatorio ar13_0 on ar13_0.id_asunto_regulatorio=t13_0.id_asunto_regulatorio left join fecha f12_0 on f12_0.fecha_id=t13_0.fecha_id left join seguimiento_tramite st12_0 on st12_0.id_seguimiento=t13_0.id_seguimiento left join tramite t14_0 on t14_0.id_tramite=st12_0.id_tramite left join archivo_control_de_tramites acdt14_0 on acdt14_0.id_archivo_control_de_tramites=t14_0.id_archivo_control_de_tramites left join asunto_regulatorio ar14_0 on ar14_0.id_asunto_regulatorio=t14_0.id_asunto_regulatorio left join fecha f13_0 on f13_0.fecha_id=t14_0.fecha_id left join usuario u11_0 on u11_0.id=t14_0.usuario_id left join usuario u12_0 on u12_0.id=t13_0.usuario_id left join fecha f14_0 on f14_0.fecha_id=t12_0.fecha_id left join seguimiento_tramite st14_0 on st14_0.id_seguimiento=t12_0.id_seguimiento left join tramite t15_0 on t15_0.id_tramite=st14_0.id_tramite left join archivo_control_de_tramites acdt15_0 on acdt15_0.id_archivo_control_de_tramites=t15_0.id_archivo_control_de_tramites left join asunto_regulatorio ar15_0 on ar15_0.id_asunto_regulatorio=t15_0.id_asunto_regulatorio left join entidad_sanitariainvima esi15_0 on esi15_0.id_entidad=t15_0.id_entidad left join tramite t16_0 on t16_0.id_tramite=esi15_0.id_tramite left join archivo_control_de_tramites acdt16_0 on acdt16_0.id_archivo_control_de_tramites=t16_0.id_archivo_control_de_tramites left join asunto_regulatorio ar16_0 on ar16_0.id_asunto_regulatorio=t16_0.id_asunto_regulatorio left join fecha f15_0 on f15_0.fecha_id=t16_0.fecha_id left join usuario u13_0 on u13_0.id=t16_0.usuario_id left join fecha f16_0 on f16_0.fecha_id=t15_0.fecha_id left join usuario u14_0 on u14_0.id=t15_0.usuario_id left join usuario u15_0 on u15_0.id=t12_0.usuario_id join usuario u16_0 on u16_0.id=t1_0.usuario_id where t1_0.id_tramite=?

MockHttpServletRequest:
      HTTP Method = PUT
      Request URI = /api/tramites/1
       Parameters = {}
          Headers = [Content-Type:"application/json;charset=UTF-8", Content-Length:"455"]
             Body = {"idTramite":null,"numeroRegistro":1,"tipoTramite":"Tipo1","estadoTramite":"EstadoActualizado","fechaRadicacion":1704085200000,"fechaEjecucion":null,"observaciones":"Observaciones Actualizadas","plazoRespuesta":null,"usuario":null,"fecha":null,"documentos":[],"notificaciones":[],"solicitudDEI":null,"asuntoRegulatorio":null,"entidadSanitariaINVIMA":null,"seguimientoTramite":null,"expedienteRegulatorio":[],"pagosPSE":[],"archivosControlDeTramites":null}
    Session Attrs = {}

Handler:
             Type = com.example.colombina.controlador.TramiteController
           Method = com.example.colombina.controlador.TramiteController#actualizarTramite(Long, Tramite)

Async:
    Async started = false
     Async result = null

Resolved Exception:
             Type = null

ModelAndView:
        View name = null
             View = null
            Model = null

FlashMap:
       Attributes = null

MockHttpServletResponse:
           Status = 404
    Error message = null
          Headers = []
     Content type = null
             Body = 
    Forwarded URL = null
   Redirected URL = null
          Cookies = []
]]></system-out>
  </testcase>
  <testcase name="crearTramite_Devuelve201_CuandoSeCreaConExito" classname="com.example.colombina.controlador.TramiteControllerIntegrationTest" time="0.233">
[...]
    Forwarded URL = null
   Redirected URL = null
          Cookies = []
]]></system-out>
  </testcase>
  <testcase name="eliminarTramite_Devuelve204_CuandoSeEliminaConExito" classname="com.example.colombina.controlador.TramiteControllerIntegrationTest" time="0.035">
    <failure message="Status expected:&lt;204&gt; but was:&lt;404&gt;" type="java.lang.AssertionError"><![CDATA[java.lang.AssertionError: Status expected:<204> but was:<404>
	at org.springframework.test.util.AssertionErrors.fail(AssertionErrors.java:59)
	at org.springframework.test.util.AssertionErrors.assertEquals(AssertionErrors.java:122)
	at org.springframework.test.web.servlet.result.StatusResultMatchers.lambda$matcher$9(StatusResultMatchers.java:637)
	at org.springframework.test.web.servlet.MockMvc$1.andExpect(MockMvc.java:214)
	at com.example.colombina.controlador.TramiteControllerIntegrationTest.eliminarTramite_Devuelve204_CuandoSeEliminaConExito(TramiteControllerIntegrationTest.java:103)
	at java.base/java.lang.reflect.Method.invoke(Method.java:580)
	at java.base/java.util.ArrayList.forEach(ArrayList.java:1597)
	at java.base/java.util.ArrayList.forEach(ArrayList.java:1597)
]]></failure>
    <system-out><![CDATA[2024-10-22T20:48:26.131-05:00 DEBUG 22836 --- [colombina] [           main] org.hibernate.SQL                        : select t1_0.id_tramite,acdt1_0.id_archivo_control_de_tramites,acdt1_0.estado_tramite,acdt1_0.fecha_creacion,acdt1_0.historial_de_modificaciones,ar1_0.id_asunto_regulatorio,ar1_0.estado_asunto,ar1_0.fecha_asunto,ar1_0.responsable,esi1_0.id_entidad,esi1_0.comentarios,esi1_0.fecha_radicacion,esi1_0.resultado_tramite,t2_0.id_tramite,acdt2_0.id_archivo_control_de_tramites,acdt2_0.estado_tramite,acdt2_0.fecha_creacion,acdt2_0.historial_de_modificaciones,ar2_0.id_asunto_regulatorio,ar2_0.estado_asunto,ar2_0.fecha_asunto,ar2_0.responsable,t2_0.id_entidad,t2_0.estado_tramite,t2_0.fecha_id,f1_0.fecha_id,f1_0.año,f1_0.dia,f1_0.mes,t2_0.fecha_ejecucion,t2_0.fecha_radicacion,t2_0.numero_registro,t2_0.observaciones,t2_0.plazo_respuesta,st1_0.id_seguimiento,st1_0.acciones_realizadas,st1_0.estado_actual,st1_0.fecha_seguimiento,st1_0.observaciones,t3_0.id_tramite,acdt3_0.id_archivo_control_de_tramites,acdt3_0.estado_tramite,acdt3_0.fecha_creacion,acdt3_0.historial_de_modificaciones,ar3_0.id_asunto_regulatorio,ar3_0.estado_asunto,ar3_0.fecha_asunto,ar3_0.responsable,t3_0.id_entidad,t3_0.estado_tramite,t3_0.fecha_id,f2_0.fecha_id,f2_0.año,f2_0.dia,f2_0.mes,t3_0.fecha_ejecucion,t3_0.fecha_radicacion,t3_0.numero_registro,t3_0.observaciones,t3_0.plazo_respuesta,t3_0.id_seguimiento,sd1_0.id_solicitud,sd1_0.descripcion,sd1_0.documentacion_tecnica,sd1_0.fecha_solicitud,sd1_0.nombre_solicitante,sd1_0.tipo_de_producto,sd1_0.tipo_de_registro,t4_0.id_tramite,acdt4_0.id_archivo_control_de_tramites,acdt4_0.estado_tramite,acdt4_0.fecha_creacion,acdt4_0.historial_de_modificaciones,ar4_0.id_asunto_regulatorio,ar4_0.estado_asunto,ar4_0.fecha_asunto,ar4_0.responsable,t4_0.id_entidad,t4_0.estado_tramite,t4_0.fecha_id,f3_0.fecha_id,f3_0.año,f3_0.dia,f3_0.mes,t4_0.fecha_ejecucion,t4_0.fecha_radicacion,t4_0.numero_registro,t4_0.observaciones,t4_0.plazo_respuesta,t4_0.id_seguimiento,t4_0.id_solicitud,t4_0.tipo_tramite,t4_0.usuario_id,u1_0.id,u1_0.contraseña,u1_0.correo,u1_0.credencial,u1_0.rol,t3_0.tipo_tramite,t3_0.usuario_id,u2_0.id,u2_0.contraseña,u2_0.correo,u2_0.credencial,u2_0.rol,sd3_0.id_solicitud,sd3_0.descripcion,sd3_0.documentacion_tecnica,sd3_0.fecha_solicitud,sd3_0.nombre_solicitante,sd3_0.tipo_de_producto,sd3_0.tipo_de_registro,t5_0.id_tramite,acdt5_0.id_archivo_control_de_tramites,acdt5_0.estado_tramite,acdt5_0.fecha_creacion,acdt5_0.historial_de_modificaciones,ar5_0.id_asunto_regulatorio,ar5_0.estado_asunto,ar5_0.fecha_asunto,ar5_0.responsable,t5_0.id_entidad,t5_0.estado_tramite,t5_0.fecha_id,f4_0.fecha_id,f4_0.año,f4_0.dia,f4_0.mes,t5_0.fecha_ejecucion,t5_0.fecha_radicacion,t5_0.numero_registro,t5_0.observaciones,t5_0.plazo_respuesta,st4_0.id_seguimiento,st4_0.acciones_realizadas,st4_0.estado_actual,st4_0.fecha_seguimiento,st4_0.observaciones,t6_0.id_tramite,acdt6_0.id_archivo_control_de_tramites,acdt6_0.estado_tramite,acdt6_0.fecha_creacion,acdt6_0.historial_de_modificaciones,ar6_0.id_asunto_regulatorio,ar6_0.estado_asunto,ar6_0.fecha_asunto,ar6_0.responsable,t6_0.id_entidad,t6_0.estado_tramite,t6_0.fecha_id,f5_0.fecha_id,f5_0.año,f5_0.dia,f5_0.mes,t6_0.fecha_ejecucion,t6_0.fecha_radicacion,t6_0.numero_registro,t6_0.observaciones,t6_0.plazo_respuesta,t6_0.id_seguimiento,t6_0.id_solicitud,t6_0.tipo_tramite,t6_0.usuario_id,u3_0.id,u3_0.contraseña,u3_0.correo,u3_0.credencial,u3_0.rol,t5_0.id_solicitud,t5_0.tipo_tramite,t5_0.usuario_id,u4_0.id,u4_0.contraseña,u4_0.correo,u4_0.credencial,u4_0.rol,t2_0.tipo_tramite,t2_0.usuario_id,u5_0.id,u5_0.contraseña,u5_0.correo,u5_0.credencial,u5_0.rol,t1_0.estado_tramite,t1_0.fecha_id,f6_0.fecha_id,f6_0.año,f6_0.dia,f6_0.mes,t1_0.fecha_ejecucion,t1_0.fecha_radicacion,t1_0.numero_registro,t1_0.observaciones,t1_0.plazo_respuesta,st6_0.id_seguimiento,st6_0.acciones_realizadas,st6_0.estado_actual,st6_0.fecha_seguimiento,st6_0.observaciones,t7_0.id_tramite,acdt7_0.id_archivo_control_de_tramites,acdt7_0.estado_tramite,acdt7_0.fecha_creacion,acdt7_0.historial_de_modificaciones,ar7_0.id_asunto_regulatorio,ar7_0.estado_asunto,ar7_0.fecha_asunto,ar7_0.responsable,esi7_0.id_entidad,esi7_0.comentarios,esi7_0.fecha_radicacion,esi7_0.resultado_tramite,t8_0.id_tramite,acdt8_0.id_archivo_control_de_tramites,acdt8_0.estado_tramite,acdt8_0.fecha_creacion,acdt8_0.historial_de_modificaciones,ar8_0.id_asunto_regulatorio,ar8_0.estado_asunto,ar8_0.fecha_asunto,ar8_0.responsable,t8_0.id_entidad,t8_0.estado_tramite,t8_0.fecha_id,f7_0.fecha_id,f7_0.año,f7_0.dia,f7_0.mes,t8_0.fecha_ejecucion,t8_0.fecha_radicacion,t8_0.numero_registro,t8_0.observaciones,t8_0.plazo_respuesta,t8_0.id_seguimiento,sd6_0.id_solicitud,sd6_0.descripcion,sd6_0.documentacion_tecnica,sd6_0.fecha_solicitud,sd6_0.nombre_solicitante,sd6_0.tipo_de_producto,sd6_0.tipo_de_registro,t9_0.id_tramite,acdt9_0.id_archivo_control_de_tramites,acdt9_0.estado_tramite,acdt9_0.fecha_creacion,acdt9_0.historial_de_modificaciones,ar9_0.id_asunto_regulatorio,ar9_0.estado_asunto,ar9_0.fecha_asunto,ar9_0.responsable,t9_0.id_entidad,t9_0.estado_tramite,t9_0.fecha_id,f8_0.fecha_id,f8_0.año,f8_0.dia,f8_0.mes,t9_0.fecha_ejecucion,t9_0.fecha_radicacion,t9_0.numero_registro,t9_0.observaciones,t9_0.plazo_respuesta,t9_0.id_seguimiento,t9_0.id_solicitud,t9_0.tipo_tramite,t9_0.usuario_id,u6_0.id,u6_0.contraseña,u6_0.correo,u6_0.credencial,u6_0.rol,t8_0.tipo_tramite,t8_0.usuario_id,u7_0.id,u7_0.contraseña,u7_0.correo,u7_0.credencial,u7_0.rol,t7_0.estado_tramite,t7_0.fecha_id,f9_0.fecha_id,f9_0.año,f9_0.dia,f9_0.mes,t7_0.fecha_ejecucion,t7_0.fecha_radicacion,t7_0.numero_registro,t7_0.observaciones,t7_0.plazo_respuesta,t7_0.id_seguimiento,sd8_0.id_solicitud,sd8_0.descripcion,sd8_0.documentacion_tecnica,sd8_0.fecha_solicitud,sd8_0.nombre_solicitante,sd8_0.tipo_de_producto,sd8_0.tipo_de_registro,t10_0.id_tramite,acdt10_0.id_archivo_control_de_tramites,acdt10_0.estado_tramite,acdt10_0.fecha_creacion,acdt10_0.historial_de_modificaciones,ar10_0.id_asunto_regulatorio,ar10_0.estado_asunto,ar10_0.fecha_asunto,ar10_0.responsable,esi10_0.id_entidad,esi10_0.comentarios,esi10_0.fecha_radicacion,esi10_0.resultado_tramite,t11_0.id_tramite,acdt11_0.id_archivo_control_de_tramites,acdt11_0.estado_tramite,acdt11_0.fecha_creacion,acdt11_0.historial_de_modificaciones,ar11_0.id_asunto_regulatorio,ar11_0.estado_asunto,ar11_0.fecha_asunto,ar11_0.responsable,t11_0.id_entidad,t11_0.estado_tramite,t11_0.fecha_id,f10_0.fecha_id,f10_0.año,f10_0.dia,f10_0.mes,t11_0.fecha_ejecucion,t11_0.fecha_radicacion,t11_0.numero_registro,t11_0.observaciones,t11_0.plazo_respuesta,t11_0.id_seguimiento,t11_0.id_solicitud,t11_0.tipo_tramite,t11_0.usuario_id,u8_0.id,u8_0.contraseña,u8_0.correo,u8_0.credencial,u8_0.rol,t10_0.estado_tramite,t10_0.fecha_id,f11_0.fecha_id,f11_0.año,f11_0.dia,f11_0.mes,t10_0.fecha_ejecucion,t10_0.fecha_radicacion,t10_0.numero_registro,t10_0.observaciones,t10_0.plazo_respuesta,t10_0.id_seguimiento,t10_0.id_solicitud,t10_0.tipo_tramite,t10_0.usuario_id,u9_0.id,u9_0.contraseña,u9_0.correo,u9_0.credencial,u9_0.rol,t7_0.tipo_tramite,t7_0.usuario_id,u10_0.id,u10_0.contraseña,u10_0.correo,u10_0.credencial,u10_0.rol,sd11_0.id_solicitud,sd11_0.descripcion,sd11_0.documentacion_tecnica,sd11_0.fecha_solicitud,sd11_0.nombre_solicitante,sd11_0.tipo_de_producto,sd11_0.tipo_de_registro,t12_0.id_tramite,acdt12_0.id_archivo_control_de_tramites,acdt12_0.estado_tramite,acdt12_0.fecha_creacion,acdt12_0.historial_de_modificaciones,ar12_0.id_asunto_regulatorio,ar12_0.estado_asunto,ar12_0.fecha_asunto,ar12_0.responsable,esi12_0.id_entidad,esi12_0.comentarios,esi12_0.fecha_radicacion,esi12_0.resultado_tramite,t13_0.id_tramite,acdt13_0.id_archivo_control_de_tramites,acdt13_0.estado_tramite,acdt13_0.fecha_creacion,acdt13_0.historial_de_modificaciones,ar13_0.id_asunto_regulatorio,ar13_0.estado_asunto,ar13_0.fecha_asunto,ar13_0.responsable,t13_0.id_entidad,t13_0.estado_tramite,t13_0.fecha_id,f12_0.fecha_id,f12_0.año,f12_0.dia,f12_0.mes,t13_0.fecha_ejecucion,t13_0.fecha_radicacion,t13_0.numero_registro,t13_0.observaciones,t13_0.plazo_respuesta,st12_0.id_seguimiento,st12_0.acciones_realizadas,st12_0.estado_actual,st12_0.fecha_seguimiento,st12_0.observaciones,t14_0.id_tramite,acdt14_0.id_archivo_control_de_tramites,acdt14_0.estado_tramite,acdt14_0.fecha_creacion,acdt14_0.historial_de_modificaciones,ar14_0.id_asunto_regulatorio,ar14_0.estado_asunto,ar14_0.fecha_asunto,ar14_0.responsable,t14_0.id_entidad,t14_0.estado_tramite,t14_0.fecha_id,f13_0.fecha_id,f13_0.año,f13_0.dia,f13_0.mes,t14_0.fecha_ejecucion,t14_0.fecha_radicacion,t14_0.numero_registro,t14_0.observaciones,t14_0.plazo_respuesta,t14_0.id_seguimiento,t14_0.id_solicitud,t14_0.tipo_tramite,t14_0.usuario_id,u11_0.id,u11_0.contraseña,u11_0.correo,u11_0.credencial,u11_0.rol,t13_0.id_solicitud,t13_0.tipo_tramite,t13_0.usuario_id,u12_0.id,u12_0.contraseña,u12_0.correo,u12_0.credencial,u12_0.rol,t12_0.estado_tramite,t12_0.fecha_id,f14_0.fecha_id,f14_0.año,f14_0.dia,f14_0.mes,t12_0.fecha_ejecucion,t12_0.fecha_radicacion,t12_0.numero_registro,t12_0.observaciones,t12_0.plazo_respuesta,st14_0.id_seguimiento,st14_0.acciones_realizadas,st14_0.estado_actual,st14_0.fecha_seguimiento,st14_0.observaciones,t15_0.id_tramite,acdt15_0.id_archivo_control_de_tramites,acdt15_0.estado_tramite,acdt15_0.fecha_creacion,acdt15_0.historial_de_modificaciones,ar15_0.id_asunto_regulatorio,ar15_0.estado_asunto,ar15_0.fecha_asunto,ar15_0.responsable,esi15_0.id_entidad,esi15_0.comentarios,esi15_0.fecha_radicacion,esi15_0.resultado_tramite,t16_0.id_tramite,acdt16_0.id_archivo_control_de_tramites,acdt16_0.estado_tramite,acdt16_0.fecha_creacion,acdt16_0.historial_de_modificaciones,ar16_0.id_asunto_regulatorio,ar16_0.estado_asunto,ar16_0.fecha_asunto,ar16_0.responsable,t16_0.id_entidad,t16_0.estado_tramite,t16_0.fecha_id,f15_0.fecha_id,f15_0.año,f15_0.dia,f15_0.mes,t16_0.fecha_ejecucion,t16_0.fecha_radicacion,t16_0.numero_registro,t16_0.observaciones,t16_0.plazo_respuesta,t16_0.id_seguimiento,t16_0.id_solicitud,t16_0.tipo_tramite,t16_0.usuario_id,u13_0.id,u13_0.contraseña,u13_0.correo,u13_0.credencial,u13_0.rol,t15_0.estado_tramite,t15_0.fecha_id,f16_0.fecha_id,f16_0.año,f16_0.dia,f16_0.mes,t15_0.fecha_ejecucion,t15_0.fecha_radicacion,t15_0.numero_registro,t15_0.observaciones,t15_0.plazo_respuesta,t15_0.id_seguimiento,t15_0.id_solicitud,t15_0.tipo_tramite,t15_0.usuario_id,u14_0.id,u14_0.contraseña,u14_0.correo,u14_0.credencial,u14_0.rol,t12_0.id_solicitud,t12_0.tipo_tramite,t12_0.usuario_id,u15_0.id,u15_0.contraseña,u15_0.correo,u15_0.credencial,u15_0.rol,t1_0.tipo_tramite,t1_0.usuario_id,u16_0.id,u16_0.contraseña,u16_0.correo,u16_0.credencial,u16_0.rol from tramite t1_0 left join archivo_control_de_tramites acdt1_0 on acdt1_0.id_archivo_control_de_tramites=t1_0.id_archivo_control_de_tramites left join asunto_regulatorio ar1_0 on ar1_0.id_asunto_regulatorio=t1_0.id_asunto_regulatorio left join entidad_sanitariainvima esi1_0 on esi1_0.id_entidad=t1_0.id_entidad left join tramite t2_0 on t2_0.id_tramite=esi1_0.id_tramite left join archivo_control_de_tramites acdt2_0 on acdt2_0.id_archivo_control_de_tramites=t2_0.id_archivo_control_de_tramites left join asunto_regulatorio ar2_0 on ar2_0.id_asunto_regulatorio=t2_0.id_asunto_regulatorio left join fecha f1_0 on f1_0.fecha_id=t2_0.fecha_id left join seguimiento_tramite st1_0 on st1_0.id_seguimiento=t2_0.id_seguimiento left join tramite t3_0 on t3_0.id_tramite=st1_0.id_tramite left join archivo_control_de_tramites acdt3_0 on acdt3_0.id_archivo_control_de_tramites=t3_0.id_archivo_control_de_tramites left join asunto_regulatorio ar3_0 on ar3_0.id_asunto_regulatorio=t3_0.id_asunto_regulatorio left join fecha f2_0 on f2_0.fecha_id=t3_0.fecha_id left join solicituddei sd1_0 on sd1_0.id_solicitud=t3_0.id_solicitud left join tramite t4_0 on t4_0.id_tramite=sd1_0.tramite_id left join archivo_control_de_tramites acdt4_0 on acdt4_0.id_archivo_control_de_tramites=t4_0.id_archivo_control_de_tramites left join asunto_regulatorio ar4_0 on ar4_0.id_asunto_regulatorio=t4_0.id_asunto_regulatorio left join fecha f3_0 on f3_0.fecha_id=t4_0.fecha_id left join usuario u1_0 on u1_0.id=t4_0.usuario_id left join usuario u2_0 on u2_0.id=t3_0.usuario_id left join solicituddei sd3_0 on sd3_0.id_solicitud=t2_0.id_solicitud left join tramite t5_0 on t5_0.id_tramite=sd3_0.tramite_id left join archivo_control_de_tramites acdt5_0 on acdt5_0.id_archivo_control_de_tramites=t5_0.id_archivo_control_de_tramites left join asunto_regulatorio ar5_0 on ar5_0.id_asunto_regulatorio=t5_0.id_asunto_regulatorio left join fecha f4_0 on f4_0.fecha_id=t5_0.fecha_id left join seguimiento_tramite st4_0 on st4_0.id_seguimiento=t5_0.id_seguimiento left join tramite t6_0 on t6_0.id_tramite=st4_0.id_tramite left join archivo_control_de_tramites acdt6_0 on acdt6_0.id_archivo_control_de_tramites=t6_0.id_archivo_control_de_tramites left join asunto_regulatorio ar6_0 on ar6_0.id_asunto_regulatorio=t6_0.id_asunto_regulatorio left join fecha f5_0 on f5_0.fecha_id=t6_0.fecha_id left join usuario u3_0 on u3_0.id=t6_0.usuario_id left join usuario u4_0 on u4_0.id=t5_0.usuario_id left join usuario u5_0 on u5_0.id=t2_0.usuario_id join fecha f6_0 on f6_0.fecha_id=t1_0.fecha_id left join seguimiento_tramite st6_0 on st6_0.id_seguimiento=t1_0.id_seguimiento left join tramite t7_0 on t7_0.id_tramite=st6_0.id_tramite left join archivo_control_de_tramites acdt7_0 on acdt7_0.id_archivo_control_de_tramites=t7_0.id_archivo_control_de_tramites left join asunto_regulatorio ar7_0 on ar7_0.id_asunto_regulatorio=t7_0.id_asunto_regulatorio left join entidad_sanitariainvima esi7_0 on esi7_0.id_entidad=t7_0.id_entidad left join tramite t8_0 on t8_0.id_tramite=esi7_0.id_tramite left join archivo_control_de_tramites acdt8_0 on acdt8_0.id_archivo_control_de_tramites=t8_0.id_archivo_control_de_tramites left join asunto_regulatorio ar8_0 on ar8_0.id_asunto_regulatorio=t8_0.id_asunto_regulatorio left join fecha f7_0 on f7_0.fecha_id=t8_0.fecha_id left join solicituddei sd6_0 on sd6_0.id_solicitud=t8_0.id_solicitud left join tramite t9_0 on t9_0.id_tramite=sd6_0.tramite_id left join archivo_control_de_tramites acdt9_0 on acdt9_0.id_archivo_control_de_tramites=t9_0.id_archivo_control_de_tramites left join asunto_regulatorio ar9_0 on ar9_0.id_asunto_regulatorio=t9_0.id_asunto_regulatorio left join fecha f8_0 on f8_0.fecha_id=t9_0.fecha_id left join usuario u6_0 on u6_0.id=t9_0.usuario_id left join usuario u7_0 on u7_0.id=t8_0.usuario_id left join fecha f9_0 on f9_0.fecha_id=t7_0.fecha_id left join solicituddei sd8_0 on sd8_0.id_solicitud=t7_0.id_solicitud left join tramite t10_0 on t10_0.id_tramite=sd8_0.tramite_id left join archivo_control_de_tramites acdt10_0 on acdt10_0.id_archivo_control_de_tramites=t10_0.id_archivo_control_de_tramites left join asunto_regulatorio ar10_0 on ar10_0.id_asunto_regulatorio=t10_0.id_asunto_regulatorio left join entidad_sanitariainvima esi10_0 on esi10_0.id_entidad=t10_0.id_entidad left join tramite t11_0 on t11_0.id_tramite=esi10_0.id_tramite left join archivo_control_de_tramites acdt11_0 on acdt11_0.id_archivo_control_de_tramites=t11_0.id_archivo_control_de_tramites left join asunto_regulatorio ar11_0 on ar11_0.id_asunto_regulatorio=t11_0.id_asunto_regulatorio left join fecha f10_0 on f10_0.fecha_id=t11_0.fecha_id left join usuario u8_0 on u8_0.id=t11_0.usuario_id left join fecha f11_0 on f11_0.fecha_id=t10_0.fecha_id left join usuario u9_0 on u9_0.id=t10_0.usuario_id left join usuario u10_0 on u10_0.id=t7_0.usuario_id left join solicituddei sd11_0 on sd11_0.id_solicitud=t1_0.id_solicitud left join tramite t12_0 on t12_0.id_tramite=sd11_0.tramite_id left join archivo_control_de_tramites acdt12_0 on acdt12_0.id_archivo_control_de_tramites=t12_0.id_archivo_control_de_tramites left join asunto_regulatorio ar12_0 on ar12_0.id_asunto_regulatorio=t12_0.id_asunto_regulatorio left join entidad_sanitariainvima esi12_0 on esi12_0.id_entidad=t12_0.id_entidad left join tramite t13_0 on t13_0.id_tramite=esi12_0.id_tramite left join archivo_control_de_tramites acdt13_0 on acdt13_0.id_archivo_control_de_tramites=t13_0.id_archivo_control_de_tramites left join asunto_regulatorio ar13_0 on ar13_0.id_asunto_regulatorio=t13_0.id_asunto_regulatorio left join fecha f12_0 on f12_0.fecha_id=t13_0.fecha_id left join seguimiento_tramite st12_0 on st12_0.id_seguimiento=t13_0.id_seguimiento left join tramite t14_0 on t14_0.id_tramite=st12_0.id_tramite left join archivo_control_de_tramites acdt14_0 on acdt14_0.id_archivo_control_de_tramites=t14_0.id_archivo_control_de_tramites left join asunto_regulatorio ar14_0 on ar14_0.id_asunto_regulatorio=t14_0.id_asunto_regulatorio left join fecha f13_0 on f13_0.fecha_id=t14_0.fecha_id left join usuario u11_0 on u11_0.id=t14_0.usuario_id left join usuario u12_0 on u12_0.id=t13_0.usuario_id left join fecha f14_0 on f14_0.fecha_id=t12_0.fecha_id left join seguimiento_tramite st14_0 on st14_0.id_seguimiento=t12_0.id_seguimiento left join tramite t15_0 on t15_0.id_tramite=st14_0.id_tramite left join archivo_control_de_tramites acdt15_0 on acdt15_0.id_archivo_control_de_tramites=t15_0.id_archivo_control_de_tramites left join asunto_regulatorio ar15_0 on ar15_0.id_asunto_regulatorio=t15_0.id_asunto_regulatorio left join entidad_sanitariainvima esi15_0 on esi15_0.id_entidad=t15_0.id_entidad left join tramite t16_0 on t16_0.id_tramite=esi15_0.id_tramite left join archivo_control_de_tramites acdt16_0 on acdt16_0.id_archivo_control_de_tramites=t16_0.id_archivo_control_de_tramites left join asunto_regulatorio ar16_0 on ar16_0.id_asunto_regulatorio=t16_0.id_asunto_regulatorio left join fecha f15_0 on f15_0.fecha_id=t16_0.fecha_id left join usuario u13_0 on u13_0.id=t16_0.usuario_id left join fecha f16_0 on f16_0.fecha_id=t15_0.fecha_id left join usuario u14_0 on u14_0.id=t15_0.usuario_id left join usuario u15_0 on u15_0.id=t12_0.usuario_id join usuario u16_0 on u16_0.id=t1_0.usuario_id where t1_0.id_tramite=?

MockHttpServletRequest:
      HTTP Method = DELETE
      Request URI = /api/tramites/1
       Parameters = {}
          Headers = []
             Body = null
    Session Attrs = {}

Handler:
             Type = com.example.colombina.controlador.TramiteController
           Method = com.example.colombina.controlador.TramiteController#eliminarTramite(Long)

Async:
    Async started = false
     Async result = null

Resolved Exception:
             Type = null

ModelAndView:
        View name = null
             View = null
            Model = null

FlashMap:
       Attributes = null

MockHttpServletResponse:
           Status = 404
    Error message = null
          Headers = []
     Content type = null
             Body = 
    Forwarded URL = null
   Redirected URL = null
          Cookies = []
]]></system-out>
  </testcase>
</testsuite>