<?xml version="1.0" encoding="UTF-8"?>
<testsuite xmlns:xsi="http://www.w3.org/2001/XMLSchema-instance" xsi:noNamespaceSchemaLocation="https://maven.apache.org/surefire/maven-surefire-plugin/xsd/surefire-test-report-3.0.xsd" version="3.0" name="com.example.colombina.ColombinaApplicationTests" time="10.741" tests="1" errors="0" skipped="0" failures="0">
  <properties>
[...]
</properties>
  <testcase name="contextLoads" classname="com.example.colombina.ColombinaApplicationTests" time="0.883">
    <system-out><![CDATA[17:13:53.406 [main] INFO org.springframework.test.context.support.AnnotationConfigContextLoaderUtils -- Could not detect default configuration classes for test class [com.example.colombina.ColombinaApplicationTests]: ColombinaApplicationTests does not declare any static, non-private, non-final, nested classes annotated with @Configuration.
17:13:53.574 [main] INFO org.springframework.boot.test.context.SpringBootTestContextBootstrapper -- Found @SpringBootConfiguration com.example.colombina.ColombinaApplication for test class com.example.colombina.ColombinaApplicationTests
17:13:53.827 [main] INFO org.springframework.boot.devtools.restart.RestartApplicationListener -- Restart disabled due to context in which it is running

  .   ____          _            __ _ _
 /\\ / ___'_ __ _ _(_)_ __  __ _ \ \ \ \
( ( )\___ | '_ | '_| | '_ \/ _` | \ \ \ \
 \\/  ___)| |_)| | | | | || (_| |  ) ) ) )
  '  |____| .__|_| |_|_| |_\__, | / / / /
 =========|_|==============|___/=/_/_/_/

 :: Spring Boot ::                (v3.3.3)

2024-10-22T17:13:54.421-05:00  INFO 9136 --- [colombina] [           main] c.e.colombina.ColombinaApplicationTests  : Starting ColombinaApplicationTests using Java 23 with PID 9136 (started by aleja in C:\Users\aleja\OneDrive\Documentos\5to semestre\ProyectoTI\Colombina-Backend\Colombina-dev\colombina)
2024-10-22T17:13:54.424-05:00  INFO 9136 --- [colombina] [           main] c.e.colombina.ColombinaApplicationTests  : No active profile set, falling back to 1 default profile: "default"
2024-10-22T17:13:55.801-05:00  INFO 9136 --- [colombina] [           main] .s.d.r.c.RepositoryConfigurationDelegate : Bootstrapping Spring Data JPA repositories in DEFAULT mode.
2024-10-22T17:13:55.934-05:00  INFO 9136 --- [colombina] [           main] .s.d.r.c.RepositoryConfigurationDelegate : Finished Spring Data repository scanning in 118 ms. Found 13 JPA repository interfaces.
2024-10-22T17:13:56.900-05:00  INFO 9136 --- [colombina] [           main] o.hibernate.jpa.internal.util.LogHelper  : HHH000204: Processing PersistenceUnitInfo [name: default]
2024-10-22T17:13:57.035-05:00  INFO 9136 --- [colombina] [           main] org.hibernate.Version                    : HHH000412: Hibernate ORM core version 6.5.2.Final
2024-10-22T17:13:57.088-05:00  INFO 9136 --- [colombina] [           main] o.h.c.internal.RegionFactoryInitiator    : HHH000026: Second-level cache disabled
2024-10-22T17:13:57.579-05:00  INFO 9136 --- [colombina] [           main] o.s.o.j.p.SpringPersistenceUnitInfo      : No LoadTimeWeaver setup: ignoring JPA class transformer
2024-10-22T17:13:57.621-05:00  INFO 9136 --- [colombina] [           main] com.zaxxer.hikari.HikariDataSource       : HikariPool-1 - Starting...
2024-10-22T17:13:57.984-05:00  INFO 9136 --- [colombina] [           main] com.zaxxer.hikari.pool.HikariPool        : HikariPool-1 - Added connection conn0: url=jdbc:h2:file./bddColombina user=SA
2024-10-22T17:13:57.987-05:00  INFO 9136 --- [colombina] [           main] com.zaxxer.hikari.HikariDataSource       : HikariPool-1 - Start completed.
2024-10-22T17:13:58.041-05:00  WARN 9136 --- [colombina] [           main] org.hibernate.orm.deprecation            : HHH90000025: H2Dialect does not need to be specified explicitly using 'hibernate.dialect' (remove the property setting and it will be selected by default)
2024-10-22T17:13:59.863-05:00  INFO 9136 --- [colombina] [           main] o.h.e.t.j.p.i.JtaPlatformInitiator       : HHH000489: No JTA platform available (set 'hibernate.transaction.jta.platform' to enable JTA platform integration)
2024-10-22T17:13:59.909-05:00 DEBUG 9136 --- [colombina] [           main] org.hibernate.SQL                        : drop table if exists archivo_control_de_tramites cascade 
2024-10-22T17:13:59.915-05:00 DEBUG 9136 --- [colombina] [           main] org.hibernate.SQL                        : drop table if exists asunto_regulatorio cascade 
2024-10-22T17:13:59.916-05:00 DEBUG 9136 --- [colombina] [           main] org.hibernate.SQL                        : drop table if exists documento cascade 
2024-10-22T17:13:59.917-05:00 DEBUG 9136 --- [colombina] [           main] org.hibernate.SQL                        : drop table if exists documento_tecnico cascade 
2024-10-22T17:13:59.917-05:00 DEBUG 9136 --- [colombina] [           main] org.hibernate.SQL                        : drop table if exists entidad_sanitariainvima cascade 
2024-10-22T17:13:59.917-05:00 DEBUG 9136 --- [colombina] [           main] org.hibernate.SQL                        : drop table if exists expediente_regulatorio cascade 
2024-10-22T17:13:59.918-05:00 DEBUG 9136 --- [colombina] [           main] org.hibernate.SQL                        : drop table if exists fecha cascade 
2024-10-22T17:13:59.918-05:00 DEBUG 9136 --- [colombina] [           main] org.hibernate.SQL                        : drop table if exists notificacion cascade 
2024-10-22T17:13:59.918-05:00 DEBUG 9136 --- [colombina] [           main] org.hibernate.SQL                        : drop table if exists pagopse cascade 
2024-10-22T17:13:59.919-05:00 DEBUG 9136 --- [colombina] [           main] org.hibernate.SQL                        : drop table if exists seguimiento_tramite cascade 
2024-10-22T17:13:59.919-05:00 DEBUG 9136 --- [colombina] [           main] org.hibernate.SQL                        : drop table if exists solicituddei cascade 
2024-10-22T17:13:59.920-05:00 DEBUG 9136 --- [colombina] [           main] org.hibernate.SQL                        : drop table if exists tramite cascade 
2024-10-22T17:13:59.920-05:00 DEBUG 9136 --- [colombina] [           main] org.hibernate.SQL                        : drop table if exists usuario cascade 
2024-10-22T17:13:59.921-05:00 DEBUG 9136 --- [colombina] [           main] org.hibernate.SQL                        : drop sequence if exists archivo_control_de_tramites_seq
2024-10-22T17:13:59.922-05:00 DEBUG 9136 --- [colombina] [           main] org.hibernate.SQL                        : drop sequence if exists asunto_regulatorio_seq
2024-10-22T17:13:59.923-05:00 DEBUG 9136 --- [colombina] [           main] org.hibernate.SQL                        : drop sequence if exists documento_seq
2024-10-22T17:13:59.923-05:00 DEBUG 9136 --- [colombina] [           main] org.hibernate.SQL                        : drop sequence if exists documento_tecnico_seq
2024-10-22T17:13:59.924-05:00 DEBUG 9136 --- [colombina] [           main] org.hibernate.SQL                        : drop sequence if exists entidad_sanitariainvima_seq
2024-10-22T17:13:59.925-05:00 DEBUG 9136 --- [colombina] [           main] org.hibernate.SQL                        : drop sequence if exists expediente_regulatorio_seq
2024-10-22T17:13:59.925-05:00 DEBUG 9136 --- [colombina] [           main] org.hibernate.SQL                        : drop sequence if exists fecha_seq
2024-10-22T17:13:59.926-05:00 DEBUG 9136 --- [colombina] [           main] org.hibernate.SQL                        : drop sequence if exists notificacion_seq
2024-10-22T17:13:59.926-05:00 DEBUG 9136 --- [colombina] [           main] org.hibernate.SQL                        : drop sequence if exists pagopse_seq
2024-10-22T17:13:59.926-05:00 DEBUG 9136 --- [colombina] [           main] org.hibernate.SQL                        : drop sequence if exists seguimiento_tramite_seq
2024-10-22T17:13:59.926-05:00 DEBUG 9136 --- [colombina] [           main] org.hibernate.SQL                        : drop sequence if exists solicituddei_seq
2024-10-22T17:13:59.927-05:00 DEBUG 9136 --- [colombina] [           main] org.hibernate.SQL                        : drop sequence if exists tramite_seq
2024-10-22T17:13:59.927-05:00 DEBUG 9136 --- [colombina] [           main] org.hibernate.SQL                        : drop sequence if exists usuario_seq
2024-10-22T17:13:59.936-05:00 DEBUG 9136 --- [colombina] [           main] org.hibernate.SQL                        : create sequence archivo_control_de_tramites_seq start with 1 increment by 50
2024-10-22T17:13:59.941-05:00 DEBUG 9136 --- [colombina] [           main] org.hibernate.SQL                        : create sequence asunto_regulatorio_seq start with 1 increment by 50
2024-10-22T17:13:59.942-05:00 DEBUG 9136 --- [colombina] [           main] org.hibernate.SQL                        : create sequence documento_seq start with 1 increment by 50
2024-10-22T17:13:59.943-05:00 DEBUG 9136 --- [colombina] [           main] org.hibernate.SQL                        : create sequence documento_tecnico_seq start with 1 increment by 50
2024-10-22T17:13:59.944-05:00 DEBUG 9136 --- [colombina] [           main] org.hibernate.SQL                        : create sequence entidad_sanitariainvima_seq start with 1 increment by 50
2024-10-22T17:13:59.944-05:00 DEBUG 9136 --- [colombina] [           main] org.hibernate.SQL                        : create sequence expediente_regulatorio_seq start with 1 increment by 50
2024-10-22T17:13:59.946-05:00 DEBUG 9136 --- [colombina] [           main] org.hibernate.SQL                        : create sequence fecha_seq start with 1 increment by 50
2024-10-22T17:13:59.947-05:00 DEBUG 9136 --- [colombina] [           main] org.hibernate.SQL                        : create sequence notificacion_seq start with 1 increment by 50
2024-10-22T17:13:59.947-05:00 DEBUG 9136 --- [colombina] [           main] org.hibernate.SQL                        : create sequence pagopse_seq start with 1 increment by 50
2024-10-22T17:13:59.947-05:00 DEBUG 9136 --- [colombina] [           main] org.hibernate.SQL                        : create sequence seguimiento_tramite_seq start with 1 increment by 50
2024-10-22T17:13:59.949-05:00 DEBUG 9136 --- [colombina] [           main] org.hibernate.SQL                        : create sequence solicituddei_seq start with 1 increment by 50
2024-10-22T17:13:59.949-05:00 DEBUG 9136 --- [colombina] [           main] org.hibernate.SQL                        : create sequence tramite_seq start with 1 increment by 50
2024-10-22T17:13:59.950-05:00 DEBUG 9136 --- [colombina] [           main] org.hibernate.SQL                        : create sequence usuario_seq start with 1 increment by 50
2024-10-22T17:13:59.955-05:00 DEBUG 9136 --- [colombina] [           main] org.hibernate.SQL                        : create table archivo_control_de_tramites (estado_tramite boolean not null, fecha_creacion date, id_archivo_control_de_tramites bigint not null, historial_de_modificaciones varchar(255), primary key (id_archivo_control_de_tramites))
2024-10-22T17:13:59.963-05:00 DEBUG 9136 --- [colombina] [           main] org.hibernate.SQL                        : create table asunto_regulatorio (estado_asunto boolean not null, fecha_asunto date, id_asunto_regulatorio bigint not null, responsable varchar(255), primary key (id_asunto_regulatorio))
2024-10-22T17:13:59.965-05:00 DEBUG 9136 --- [colombina] [           main] org.hibernate.SQL                        : create table documento (documento_id bigint not null, tramite_id bigint not null, informacion varchar(255), primary key (documento_id))
2024-10-22T17:13:59.967-05:00 DEBUG 9136 --- [colombina] [           main] org.hibernate.SQL                        : create table documento_tecnico (estado_documento boolean not null, fecha_adjuncion date, id_documento_tecnico bigint not null, id_expediente bigint, descripcion varchar(255), tipo_documento varchar(255), primary key (id_documento_tecnico))
2024-10-22T17:13:59.969-05:00 DEBUG 9136 --- [colombina] [           main] org.hibernate.SQL                        : create table entidad_sanitariainvima (fecha_radicacion date, resultado_tramite boolean not null, id_entidad bigint not null, id_tramite bigint unique, comentarios varchar(255), primary key (id_entidad))
2024-10-22T17:13:59.973-05:00 DEBUG 9136 --- [colombina] [           main] org.hibernate.SQL                        : create table expediente_regulatorio (estado_expediente boolean not null, fecha_creacion date, numero_expediente integer not null, id_expediente bigint not null, id_tramite bigint, id_usuario bigint not null, descripcion_expediente varchar(255), primary key (id_expediente))
2024-10-22T17:13:59.975-05:00 DEBUG 9136 --- [colombina] [           main] org.hibernate.SQL                        : create table fecha (año integer not null, dia integer not null, mes integer not null, fecha_id bigint not null, primary key (fecha_id))
2024-10-22T17:13:59.977-05:00 DEBUG 9136 --- [colombina] [           main] org.hibernate.SQL                        : create table notificacion (estado boolean not null, id_notificacion bigint not null, tramite_id_tramite bigint, mensaje varchar(255), tipo_notificacion varchar(255), primary key (id_notificacion))
2024-10-22T17:13:59.978-05:00 DEBUG 9136 --- [colombina] [           main] org.hibernate.SQL                        : create table pagopse (fecha_de_pago date, monto float(24) not null, id_pagopse bigint not null, id_tramite bigint, metodo_de_pago varchar(255), referencia_de_pago varchar(255), primary key (id_pagopse))
2024-10-22T17:13:59.981-05:00 DEBUG 9136 --- [colombina] [           main] org.hibernate.SQL                        : create table seguimiento_tramite (fecha_seguimiento date, id_seguimiento bigint not null, id_tramite bigint unique, estado_actual varchar(255), observaciones varchar(255), acciones_realizadas varchar(255) array, primary key (id_seguimiento))
2024-10-22T17:13:59.984-05:00 DEBUG 9136 --- [colombina] [           main] org.hibernate.SQL                        : create table solicituddei (fecha_solicitud date, id_solicitud bigint not null, tramite_id bigint unique, descripcion varchar(255), documentacion_tecnica varchar(255), nombre_solicitante varchar(255), tipo_de_producto varchar(255), tipo_de_registro varchar(255), primary key (id_solicitud))
2024-10-22T17:13:59.986-05:00 DEBUG 9136 --- [colombina] [           main] org.hibernate.SQL                        : create table tramite (fecha_ejecucion date, fecha_radicacion date, numero_registro integer not null, plazo_respuesta date, fecha_id bigint not null unique, id_archivo_control_de_tramites bigint, id_asunto_regulatorio bigint, id_entidad bigint unique, id_seguimiento bigint unique, id_solicitud bigint unique, id_tramite bigint not null, usuario_id bigint not null, estado_tramite varchar(255), observaciones varchar(255), tipo_tramite varchar(255), primary key (id_tramite))
2024-10-22T17:13:59.996-05:00 DEBUG 9136 --- [colombina] [           main] org.hibernate.SQL                        : create table usuario (id bigint not null, contraseña varchar(255), correo varchar(255), credencial varchar(255), rol varchar(255), primary key (id))
2024-10-22T17:13:59.999-05:00 DEBUG 9136 --- [colombina] [           main] org.hibernate.SQL                        : alter table if exists documento add constraint FK1jeepqt4qp4gx6jheorqt0ajx foreign key (tramite_id) references tramite
2024-10-22T17:14:00.026-05:00 DEBUG 9136 --- [colombina] [           main] org.hibernate.SQL                        : alter table if exists documento_tecnico add constraint FK3ptavpfbvio00w99yjjlwwb97 foreign key (id_expediente) references expediente_regulatorio
2024-10-22T17:14:00.030-05:00 DEBUG 9136 --- [colombina] [           main] org.hibernate.SQL                        : alter table if exists entidad_sanitariainvima add constraint FKep3umn99u5inniqglvisldsmp foreign key (id_tramite) references tramite
2024-10-22T17:14:00.032-05:00 DEBUG 9136 --- [colombina] [           main] org.hibernate.SQL                        : alter table if exists expediente_regulatorio add constraint FK3offhywhgib63f2ngo0pmyk7g foreign key (id_tramite) references tramite
2024-10-22T17:14:00.034-05:00 DEBUG 9136 --- [colombina] [           main] org.hibernate.SQL                        : alter table if exists expediente_regulatorio add constraint FKff6xyatij3wm152hklh0604ye foreign key (id_usuario) references usuario
2024-10-22T17:14:00.036-05:00 DEBUG 9136 --- [colombina] [           main] org.hibernate.SQL                        : alter table if exists notificacion add constraint FKltsqh2d1if4ymvaqenuujcpnd foreign key (tramite_id_tramite) references tramite
2024-10-22T17:14:00.038-05:00 DEBUG 9136 --- [colombina] [           main] org.hibernate.SQL                        : alter table if exists pagopse add constraint FKq62k7q8r9ffmmn6jdwsuij0ef foreign key (id_tramite) references tramite
2024-10-22T17:14:00.040-05:00 DEBUG 9136 --- [colombina] [           main] org.hibernate.SQL                        : alter table if exists seguimiento_tramite add constraint FK1iiyhcs8g6fnw7pi95qhktsyp foreign key (id_tramite) references tramite
2024-10-22T17:14:00.041-05:00 DEBUG 9136 --- [colombina] [           main] org.hibernate.SQL                        : alter table if exists solicituddei add constraint FKm8npvvky2oi8q8l0r7sx2jf8r foreign key (tramite_id) references tramite
2024-10-22T17:14:00.043-05:00 DEBUG 9136 --- [colombina] [           main] org.hibernate.SQL                        : alter table if exists tramite add constraint FK4432imaacotoo0725wu7jl48d foreign key (id_archivo_control_de_tramites) references archivo_control_de_tramites
2024-10-22T17:14:00.045-05:00 DEBUG 9136 --- [colombina] [           main] org.hibernate.SQL                        : alter table if exists tramite add constraint FKqe4wcijnp817seku179mtk3th foreign key (id_asunto_regulatorio) references asunto_regulatorio
2024-10-22T17:14:00.048-05:00 DEBUG 9136 --- [colombina] [           main] org.hibernate.SQL                        : alter table if exists tramite add constraint FKnq888jdyxje3namlt8yyra97c foreign key (id_entidad) references entidad_sanitariainvima
2024-10-22T17:14:00.050-05:00 DEBUG 9136 --- [colombina] [           main] org.hibernate.SQL                        : alter table if exists tramite add constraint FKnbp88ltqsaq1mdl35kgbkrbl1 foreign key (fecha_id) references fecha
2024-10-22T17:14:00.051-05:00 DEBUG 9136 --- [colombina] [           main] org.hibernate.SQL                        : alter table if exists tramite add constraint FKdg160vps58yeu6h48cjcthxpj foreign key (id_seguimiento) references seguimiento_tramite
2024-10-22T17:14:00.053-05:00 DEBUG 9136 --- [colombina] [           main] org.hibernate.SQL                        : alter table if exists tramite add constraint FK2tbjek0s01o9v0brvhmh3rn0x foreign key (id_solicitud) references solicituddei
2024-10-22T17:14:00.054-05:00 DEBUG 9136 --- [colombina] [           main] org.hibernate.SQL                        : alter table if exists tramite add constraint FK6lg0s1ri0dgu25ufs39iq5ft1 foreign key (usuario_id) references usuario
2024-10-22T17:14:00.066-05:00  INFO 9136 --- [colombina] [           main] j.LocalContainerEntityManagerFactoryBean : Initialized JPA EntityManagerFactory for persistence unit 'default'
2024-10-22T17:14:01.829-05:00  WARN 9136 --- [colombina] [           main] JpaBaseConfiguration$JpaWebConfiguration : spring.jpa.open-in-view is enabled by default. Therefore, database queries may be performed during view rendering. Explicitly configure spring.jpa.open-in-view to disable this warning
2024-10-22T17:14:02.720-05:00  WARN 9136 --- [colombina] [           main] ion$DefaultTemplateResolverConfiguration : Cannot find template location: classpath:/templates/ (please add some templates, check your Thymeleaf configuration, or set spring.thymeleaf.check-template-location=false)
2024-10-22T17:14:02.837-05:00  INFO 9136 --- [colombina] [           main] o.s.b.a.h2.H2ConsoleAutoConfiguration    : H2 console available at '/h2'. Database available at 'jdbc:h2:file./bddColombina'
2024-10-22T17:14:02.948-05:00  INFO 9136 --- [colombina] [           main] c.e.colombina.ColombinaApplicationTests  : Started ColombinaApplicationTests in 9.143 seconds (process running for 10.602)
]]></system-out>
    <system-err><![CDATA[WARNING: A Java agent has been loaded dynamically (C:\Users\aleja\.m2\repository\net\bytebuddy\byte-buddy-agent\1.14.19\byte-buddy-agent-1.14.19.jar)
WARNING: If a serviceability tool is in use, please run with -XX:+EnableDynamicAgentLoading to hide this warning
WARNING: If a serviceability tool is not in use, please run with -Djdk.instrument.traceUsage for more information
WARNING: Dynamic loading of agents will be disallowed by default in a future release
]]></system-err>
  </testcase>
</testsuite>